number,value,params_market_maker_asymmetric_liquidity,params_market_maker_flow_response,params_market_maker_flow_signal_decay,params_market_maker_inventory_signal_decay,params_market_maker_inventory_skew,params_market_maker_level_spacing_ticks,params_market_maker_quote_size,params_market_maker_quote_size_sigma,params_market_maker_refresh_seconds,params_market_maker_spread_sensitivity,params_market_order_arrival_rate,params_order_flow_burst_interval_seconds,params_order_flow_burst_probability,params_reference_price_volatility,params_sign_regime_switch_probability,params_trade_sign_persistence,params_trade_size_median,params_trade_size_sigma,user_attrs_loss_std,user_attrs_metric_distances,user_attrs_seed_losses,state
38,19.435498156124368,1.047280645263789,0.4741583691408783,0.13428409955167012,0.09032485736403961,0.023902379046166856,3.0,0.0802729289660018,1.126159931676589,0.7727577162647294,0.05879718241390512,0.33162995164815484,0.001696522356360363,0.22213448890995546,2.047337022038841,0.08731497825597657,0.8366576980669699,0.0008722363719930798,2.9715275893845043,1.464931277701853,"{'median_spread': 0.0, 'mean_trade_size': 0.25835105765984695, 'trades_per_second': 0.15696915974358733, 'return_volatility': 0.5879749675792101, 'spread_distribution': 1.0811699665069263, 'relative_spread_distribution': 1.0798649543491814, 'trade_size_distribution': 0.5230580650414268, 'interarrival_distribution': 0.2778448965888514, 'bid_depth_distribution': 1.0445941842942064, 'ask_depth_distribution': 1.0425977890432174, 'sign_acf_curve': 0.34633081798653625, 'response_curve': 1.2960817964339406, 'clock_response_curve': 1.0256196892657705, 'size_impact_curve': 2.895023381858819, 'flow_impact_curve': 1.6654130487528527}","[21.00595047068638, 19.632522096212245, 17.4482822098192]",COMPLETE
39,22.14735972768641,1.2905689915957594,0.5180693591778435,0.12428166668707216,0.06057524124283247,0.010235136801175337,4.0,0.13092038912338008,1.0623338674445517,0.7928386636962819,0.05023383351005338,0.6380504356702414,0.0018017326388685521,0.21673582861507806,2.0124122067773706,0.09165825248039977,0.7772852830848751,0.0009899697506714567,2.947387677756244,1.4875725641115576,"{'median_spread': 0.0, 'mean_trade_size': 0.22434272965999322, 'trades_per_second': 0.6542090879537344, 'return_volatility': 0.5921486060484352, 'spread_distribution': 1.0785790166944655, 'relative_spread_distribution': 1.0773656978607358, 'trade_size_distribution': 0.5228458961480417, 'interarrival_distribution': 0.6866593855439403, 'bid_depth_distribution': 0.7712571067071888, 'ask_depth_distribution': 0.8535059669398782, 'sign_acf_curve': 0.5650376574070354, 'response_curve': 1.5375257136413811, 'clock_response_curve': 1.1073143197934325, 'size_impact_curve': 1.8910933273874757, 'flow_impact_curve': 2.5992273276760973}","[23.713295195555183, 20.112063143141224, 22.393584959746086]",COMPLETE
40,24.304913781223426,0.9785046233686179,0.612226862814539,0.11344917302962768,0.10276243411668025,0.026514508817416748,4.0,0.08097316741164308,1.279118228731708,0.6234318334669188,0.03644182462711611,0.4190295047827736,0.001017807798033666,0.3107463589660617,2.958368196497121,0.07297845251915644,0.8394806935881046,0.0008261596787976003,2.74585645548695,1.901112596340322,"{'median_spread': 0.0, 'mean_trade_size': 0.5059574379811187, 'trades_per_second': 0.051773471670310066, 'return_volatility': 0.4008382030990976, 'spread_distribution': 1.0824654414131567, 'relative_spread_distribution': 1.0811867372369692, 'trade_size_distribution': 0.7074711557860883, 'interarrival_distribution': 0.34551556385357246, 'bid_depth_distribution': 0.9592629847482983, 'ask_depth_distribution': 1.0082736614883976, 'sign_acf_curve': 0.33629734213201806, 'response_curve': 1.503212003394608, 'clock_response_curve': 0.9877713856174153, 'size_impact_curve': 3.639246532608823, 'flow_impact_curve': 4.1070320820549}","[23.301385942769237, 26.855521265813675, 22.47266724563633]",COMPLETE
41,20.914500830232587,1.045699198363923,0.3172902578262276,0.2889326665060356,0.09639739557416079,0.027599148283965206,3.0,0.08287108073352203,1.0735116978050363,0.7988642961786414,0.08707638972108298,0.33071380499943076,0.002022966956597839,0.18323079091942174,2.010099906308157,0.09485295116642965,0.8289166378735571,0.0008341687584486855,2.9282502749291783,1.959226468218809,"{'median_spread': 0.0, 'mean_trade_size': 0.4355323790070343, 'trades_per_second': 0.12872283870716963, 'return_volatility': 0.5936644238360356, 'spread_distribution': 1.0824654414131567, 'relative_spread_distribution': 1.0811078369057754, 'trade_size_distribution': 0.6758929956530135, 'interarrival_distribution': 0.29545380536980337, 'bid_depth_distribution': 1.055212938320078, 'ask_depth_distribution': 1.0905146412810354, 'sign_acf_curve': 0.4703739481962066, 'response_curve': 1.5475689794713015, 'clock_response_curve': 1.037117644264426, 'size_impact_curve': 2.5840514302541275, 'flow_impact_curve': 1.9442141666167612}","[18.881153918790837, 23.50137076347939, 20.067093838194705]",COMPLETE
42,21.854100784168047,1.1832782726938829,0.5217511682058918,0.11617862187110536,0.10263657338662112,0.021414849048536858,3.0,0.08356062395946437,1.067282910366766,0.7952763678040128,0.058600003746234544,0.3197824700666406,0.0019201063378263001,0.2176459349618141,2.0220892191739623,0.08765398287932569,0.8271592759159097,0.0009544196289929445,3.0004979971514336,0.32824487614070536,"{'median_spread': 0.0, 'mean_trade_size': 0.3288215649742711, 'trades_per_second': 0.13420893226376268, 'return_volatility': 0.5895070999982744, 'spread_distribution': 1.0798744916006962, 'relative_spread_distribution': 1.0786473741967522, 'trade_size_distribution': 0.6553535554716172, 'interarrival_distribution': 0.23618362956333785, 'bid_depth_distribution': 1.0076069197669972, 'ask_depth_distribution': 1.053012781638883, 'sign_acf_curve': 0.39665320317363123, 'response_curve': 1.3322887518172652, 'clock_response_curve': 1.095199295018194, 'size_impact_curve': 3.4293412660221634, 'flow_impact_curve': 2.6507323217042473}","[22.276799440119053, 21.487736536255266, 21.748529644708718]",COMPLETE
43,21.97566031215557,0.9717114179911275,0.5589666777127716,0.12204583925169295,0.10155086775203764,0.01257017634766604,3.0,0.08480790477359602,0.9889007614240669,0.7996590568396788,0.031589771470703513,0.3707961137631859,0.0017735701904770201,0.26570082043692117,2.0953770739667807,0.09529231271139106,0.8400529167451655,0.0010898841848543807,3.040814621227018,2.9389879092210025,"{'median_spread': 0.0, 'mean_trade_size': 0.14758019860229293, 'trades_per_second': 0.03329295839157224, 'return_volatility': 0.5777385958059028, 'spread_distribution': 1.0824654414131567, 'relative_spread_distribution': 1.0811032859586336, 'trade_size_distribution': 0.5886851179202598, 'interarrival_distribution': 0.28333727862298114, 'bid_depth_distribution': 1.0298396919465338, 'ask_depth_distribution': 1.077662718350507, 'sign_acf_curve': 0.3373061665267034, 'response_curve': 2.502211729815928, 'clock_response_curve': 1.146676152730633, 'size_impact_curve': 2.3490821996045725, 'flow_impact_curve': 1.6758603806962082}","[19.20184635062701, 20.35266980686806, 25.93161659258849]",COMPLETE
44,23.52409227400591,1.2717551126236086,0.27783147547092807,0.11267622547248801,0.09449486425025741,0.026129170378511084,3.0,0.08054757999074842,1.335616240416,0.6325962856089269,0.08045966934226938,0.2550360346197889,0.0018317827186684983,0.1788875842684259,2.0566610175491533,0.07453997097827399,0.8454697715941484,0.0007347960478011846,2.989202398253266,1.2654525466583537,"{'median_spread': 0.0, 'mean_trade_size': 0.3425248495282853, 'trades_per_second': 0.3677376328565707, 'return_volatility': 0.5820437678708165, 'spread_distribution': 1.0785790166944655, 'relative_spread_distribution': 1.0773365731148157, 'trade_size_distribution': 0.5809182608736301, 'interarrival_distribution': 0.28599488381511634, 'bid_depth_distribution': 0.942261808662078, 'ask_depth_distribution': 0.9522995441841803, 'sign_acf_curve': 0.3084147012429707, 'response_curve': 2.086446193206673, 'clock_response_curve': 1.096822173093489, 'size_impact_curve': 3.169472435763334, 'flow_impact_curve': 2.5895110238595183}","[22.470315763383223, 22.66524558739556, 25.246897589240184]",COMPLETE
45,25.461132552338373,1.2266704247783131,0.723586381218391,0.10070508148580669,0.06138179851579087,0.010585152572287091,3.0,0.49421813665486575,0.9819647212354924,0.6316321516408869,0.02580254948449583,0.35725653915400124,0.0016697097992379552,0.30270127009724335,2.8648449020530142,0.07296606347915319,0.7968049709155839,0.0011042630973641609,2.7184506772252393,0.8724012757356889,"{'median_spread': 0.0, 'mean_trade_size': 0.17097965893990538, 'trades_per_second': 0.185903682450372, 'return_volatility': 0.4148660693973791, 'spread_distribution': 1.091839901909681, 'relative_spread_distribution': 1.0904478025115598, 'trade_size_distribution': 0.31591405697870123, 'interarrival_distribution': 0.249570607523493, 'bid_depth_distribution': 0.24818936343772102, 'ask_depth_distribution': 0.3291292092960218, 'sign_acf_curve': 0.5314734383359925, 'response_curve': 2.67260141083278, 'clock_response_curve': 1.2013829838966974, 'size_impact_curve': 5.064477482852033, 'flow_impact_curve': 2.894039553598367}","[26.398392656914258, 24.278973993368883, 25.575170815371628]",COMPLETE
46,19.170316673047566,0.9374854520666125,0.8349488519856865,0.27043783820821693,0.12706479298412957,0.029471772415139316,4.0,0.12502712325093074,1.2839538822604675,0.7873846485143285,0.029140611677563273,0.44978346128834956,0.0018312603990737143,0.3027542261975871,2.0162532794557624,0.09688309712791393,0.8555314450977015,0.0007662377224083704,3.102183077730576,2.399117389360181,"{'median_spread': 0.0, 'mean_trade_size': 0.09583529820142482, 'trades_per_second': 0.17122344448576535, 'return_volatility': 0.5902871021469125, 'spread_distribution': 1.0824654414131567, 'relative_spread_distribution': 1.0811414765632816, 'trade_size_distribution': 0.25507271171953333, 'interarrival_distribution': 0.4201954910342565, 'bid_depth_distribution': 0.829561866468466, 'ask_depth_distribution': 0.8388285371471417, 'sign_acf_curve': 0.35956145774647186, 'response_curve': 1.9084236652338173, 'clock_response_curve': 1.1200699706829418, 'size_impact_curve': 1.7594607561487308, 'flow_impact_curve': 1.539666746638832}","[17.961005812276916, 22.377775377915935, 16.812301220545827]",COMPLETE
47,22.65078037380862,0.8020488835279049,0.9837723215687545,0.4174811826380154,0.16046146002256395,0.053906539296934744,4.0,0.15240635480044146,1.4150575936534127,0.6254147428080152,0.017293106368579423,0.4544860385386131,0.0020713938730147707,0.3362700635269945,2.8473186274056133,0.10878928652023305,0.8683142929512376,0.0007770883976043901,3.193357194439704,3.127624704156771,"{'median_spread': 0.0, 'mean_trade_size': 0.13886205897842663, 'trades_per_second': 0.13814566370885217, 'return_volatility': 0.41835125905242476, 'spread_distribution': 1.0965978293740073, 'relative_spread_distribution': 1.0951631723313253, 'trade_size_distribution': 0.20050791197520565, 'interarrival_distribution': 0.38555653722658995, 'bid_depth_distribution': 0.6107306130317259, 'ask_depth_distribution': 0.6927706934169481, 'sign_acf_curve': 0.3591053731044503, 'response_curve': 2.2081493982461904, 'clock_response_curve': 1.1099963930348757, 'size_impact_curve': 3.5182111265072256, 'flow_impact_curve': 2.669315931929298}","[26.763341397598328, 19.357354606758683, 21.36250141144532]",COMPLETE
48,17.37293797906557,0.7671387869930903,0.9662411599573408,0.2813448416015168,0.16025784312172897,0.010337797582909073,4.0,0.14123245940140933,1.3354545142113328,0.7916912646019686,0.021521917399638043,0.5005559322375625,0.00105241724565451,0.357631463636881,2.0008343384247325,0.10436533065397674,0.8715519782891364,0.000707709427721083,3.2165512984042066,0.8027749846047945,"{'median_spread': 0.0, 'mean_trade_size': 0.20741532347357564, 'trades_per_second': 0.23946164660108515, 'return_volatility': 0.5898238988533054, 'spread_distribution': 1.0918870333870572, 'relative_spread_distribution': 1.0905317105084624, 'trade_size_distribution': 0.25860500309843126, 'interarrival_distribution': 0.4436129155365472, 'bid_depth_distribution': 0.7349524958384211, 'ask_depth_distribution': 0.7923785465043126, 'sign_acf_curve': 0.39329379540194215, 'response_curve': 0.7496853655609078, 'clock_response_curve': 1.0165529997633247, 'size_impact_curve': 2.440839707311366, 'flow_impact_curve': 1.8480095705051163}","[16.26704857856416, 18.204500728968704, 17.526848381973114]",COMPLETE
49,20.00537125762715,0.439499576823279,1.177711340622749,0.3169184698176813,0.17894542795507118,0.010194168529418094,4.0,0.2053406842675679,1.7137982455718963,0.10201928712391678,0.020374279266434616,0.5193584520010845,0.0010085204585996823,0.36448476097773297,2.967024469201903,0.1521697236443703,0.8831506272675199,0.000579085020057109,3.2671297516223707,1.4856167480980391,"{'median_spread': 0.0, 'mean_trade_size': 0.14411234399490772, 'trades_per_second': 0.24432685826281922, 'return_volatility': 0.38952756140225087, 'spread_distribution': 1.0965978293740073, 'relative_spread_distribution': 1.0951707119864427, 'trade_size_distribution': 0.2802877235063678, 'interarrival_distribution': 0.44040956880138465, 'bid_depth_distribution': 0.5544641853554497, 'ask_depth_distribution': 0.4490965796654182, 'sign_acf_curve': 0.4813102661276179, 'response_curve': 1.5212066241038873, 'clock_response_curve': 1.045516910474989, 'size_impact_curve': 2.598781870380851, 'flow_impact_curve': 2.5904047730237263}","[20.770979599719535, 17.843355283682246, 21.178936377264964]",COMPLETE
50,16.364888682107583,0.6961646974181449,1.076117685229233,0.49076961217795734,0.18796648048202158,0.0109382459779515,4.0,0.3011442952295749,1.4321035094723529,0.7884812965077859,0.01428188482434488,0.5357317966627766,0.0011550177998527658,0.3618151774690338,2.0181598720350764,0.11756616484948859,0.8779252502175563,0.0012026451514318961,3.2355566685789934,1.5865157710652131,"{'median_spread': 0.0, 'mean_trade_size': 1.0004544767298407, 'trades_per_second': 0.3650592786296758, 'return_volatility': 0.5779771854800761, 'spread_distribution': 1.0965978293740073, 'relative_spread_distribution': 1.0952049434737552, 'trade_size_distribution': 0.6642003133981486, 'interarrival_distribution': 0.4838158524733471, 'bid_depth_distribution': 0.3522427099374939, 'ask_depth_distribution': 0.29847309177580655, 'sign_acf_curve': 0.390083180267561, 'response_curve': 0.6761106352459954, 'clock_response_curve': 0.9982677068812889, 'size_impact_curve': 1.8391955796357304, 'flow_impact_curve': 1.1471396577028565}","[14.666447291786485, 15.749982434317019, 18.440258954559464]",COMPLETE
51,21.23852220358166,0.6504792312148114,1.155849163174987,0.32149600548750656,0.18051329354489337,0.010551655372390127,4.0,0.363519242897724,1.3742526985806154,0.7926123829964351,0.01361348775684503,0.5140396926896914,0.001045825089890238,0.36472737177640524,2.0672332014171415,0.12551459791886402,0.8785855650926168,0.001277878543655577,3.2606843751177785,2.0153978180676506,"{'median_spread': 0.0, 'mean_trade_size': 1.6086636869106696, 'trades_per_second': 0.27558535995116645, 'return_volatility': 0.5669495724021236, 'spread_distribution': 1.0965978293740073, 'relative_spread_distribution': 1.0951615332149582, 'trade_size_distribution': 1.3817548593509397, 'interarrival_distribution': 0.46187898043319214, 'bid_depth_distribution': 0.33298551166297985, 'ask_depth_distribution': 0.27581916724730565, 'sign_acf_curve': 0.44434627075171557, 'response_curve': 1.335790733898271, 'clock_response_curve': 1.0574985540114867, 'size_impact_curve': 1.9821273179111705, 'flow_impact_curve': 2.093058076352921}","[23.784597612711536, 18.898687802611192, 20.729971522712106]",COMPLETE
52,22.37750346136155,0.6584732507669648,1.0357264796004224,0.6362744850347526,0.19032835000838888,0.010689294953412,4.0,0.2955963459802682,1.4316954701525875,0.7869615929071099,0.015542578034950431,0.526653130528447,0.0010133248329083219,0.369111612256835,2.7938985169714363,0.11764806621827614,0.8835369793560325,0.0012178167657954187,3.2829857021589164,3.0306548222194514,"{'median_spread': 0.0, 'mean_trade_size': 1.240961691419661, 'trades_per_second': 0.3247099253469981, 'return_volatility': 0.42458061875059916, 'spread_distribution': 1.0965978293740073, 'relative_spread_distribution': 1.0952003195954474, 'trade_size_distribution': 1.0885386727258985, 'interarrival_distribution': 0.47087451865431745, 'bid_depth_distribution': 0.2786943984061641, 'ask_depth_distribution': 0.3277181867006504, 'sign_acf_curve': 0.35735795837058754, 'response_curve': 1.9611287938863438, 'clock_response_curve': 1.1182424048233512, 'size_impact_curve': 2.214343339309135, 'flow_impact_curve': 2.2642825660517008}","[23.257532279194166, 25.312857499650327, 18.107522381907245]",COMPLETE
53,19.157284429964584,0.6753742883913434,1.0421567540387495,0.7044353166319239,0.18706455759166618,0.010291848865588043,4.0,0.31317304785252076,1.5223176124159168,0.6209080560817126,0.01692748753197899,0.5699269261103878,0.0011178024717614916,0.36470480832655017,2.0157979676409576,0.11806217133002186,0.8758040164464829,0.0012227953893240461,3.2862454636465346,2.695156108301972,"{'median_spread': 0.0, 'mean_trade_size': 1.2937715419327056, 'trades_per_second': 0.36470640896792667, 'return_volatility': 0.5820135968882406, 'spread_distribution': 1.0965978293740073, 'relative_spread_distribution': 1.0952025250582427, 'trade_size_distribution': 1.1341545552816379, 'interarrival_distribution': 0.5041909660432371, 'bid_depth_distribution': 0.5837371562319947, 'ask_depth_distribution': 0.3847256068799029, 'sign_acf_curve': 0.3887159009934586, 'response_curve': 0.8126927815053221, 'clock_response_curve': 1.0275334406829046, 'size_impact_curve': 2.0551305803651427, 'flow_impact_curve': 1.6617209486412827}","[15.688809364037947, 22.289556055814238, 19.089214453796274]",COMPLETE
54,17.111217809064016,0.7048598647054235,1.0906714635540056,0.6423474236625154,0.18646535347967944,0.010177407285060083,4.0,0.25131128731115715,1.4267222705510634,0.6326953026838082,0.01333877460246582,0.522426902891447,0.0010058137747565843,0.3890663798019065,2.0188466661191216,0.10714716325596323,0.8745283983358894,0.0012158830197384622,3.27428660173802,0.7909108409254042,"{'median_spread': 0.0, 'mean_trade_size': 0.7770857732537073, 'trades_per_second': 0.2836579543227029, 'return_volatility': 0.5805209330524832, 'spread_distribution': 1.0965978293740073, 'relative_spread_distribution': 1.095187216100488, 'trade_size_distribution': 0.47025903932630664, 'interarrival_distribution': 0.4404437246714872, 'bid_depth_distribution': 0.2988418608940316, 'ask_depth_distribution': 0.35824816324641473, 'sign_acf_curve': 0.40205636296455366, 'response_curve': 0.8183211947682029, 'clock_response_curve': 1.0434402709213504, 'size_impact_curve': 2.3664662262416365, 'flow_impact_curve': 1.4944664397468763}","[16.81835751649515, 18.141825092885853, 16.254834191672227]",COMPLETE
55,20.211073232874078,0.6752423623289319,1.4668574308166196,0.7357329103595676,0.2384436437940585,0.010431237742833853,4.0,0.34941177016391944,1.5685667047907499,0.5745956213863816,0.005543528879177945,0.49329989879673386,0.0010600609438727465,0.4001187567271506,2.0006119399566975,0.1282818164342913,0.90369847682409,0.001326563828717024,3.3313386819655024,1.8180819098039078,"{'median_spread': 0.0, 'mean_trade_size': 1.4337193854400485, 'trades_per_second': 0.2200492974305115, 'return_volatility': 0.5709163522843578, 'spread_distribution': 1.0965978293740073, 'relative_spread_distribution': 1.095206600559723, 'trade_size_distribution': 1.0999598286688086, 'interarrival_distribution': 0.3994211081274211, 'bid_depth_distribution': 0.9637867507588923, 'ask_depth_distribution': 0.8340506842533486, 'sign_acf_curve': 0.384545473685906, 'response_curve': 1.2876012151477756, 'clock_response_curve': 1.0416338872424833, 'size_impact_curve': 2.264574657629408, 'flow_impact_curve': 1.1458194078575505}","[19.333586395741605, 22.633389384145726, 18.393531632264313]",COMPLETE
56,18.936739745487554,0.7224200234948199,1.6112305790826247,0.6047999644809507,2.4689732806844717,0.019625001135761724,5.0,0.24806090018471433,1.4973147272630352,0.1756693174646806,0.0071254861131088264,0.5130868311359047,0.0010355135821288929,0.39568038852326637,2.902022878986022,0.1143359973616068,0.891054153109858,0.0013455437618208404,3.3221296487780094,2.1557774168558175,"{'median_spread': 0.0, 'mean_trade_size': 1.5243398933189942, 'trades_per_second': 0.34324322733157464, 'return_volatility': 0.3914520504084879, 'spread_distribution': 1.0965978293740073, 'relative_spread_distribution': 1.095187802006425, 'trade_size_distribution': 1.0062023586643296, 'interarrival_distribution': 0.42706582583692265, 'bid_depth_distribution': 0.3223504471025707, 'ask_depth_distribution': 0.32284148921576933, 'sign_acf_curve': 0.2759077381070892, 'response_curve': 0.9419258129220859, 'clock_response_curve': 1.0755578966966954, 'size_impact_curve': 2.754404606515538, 'flow_impact_curve': 1.423545579197941}","[16.499648232232417, 21.697076970121593, 18.29012742158029]",COMPLETE
