number,value,params_market_maker_asymmetric_liquidity,params_market_maker_flow_response,params_market_maker_flow_signal_decay,params_market_maker_inventory_signal_decay,params_market_maker_inventory_skew,params_market_maker_level_spacing_ticks,params_market_maker_quote_size,params_market_maker_quote_size_sigma,params_market_maker_refresh_seconds,params_market_maker_spread_sensitivity,params_market_order_arrival_rate,params_order_flow_burst_interval_seconds,params_order_flow_burst_probability,params_reference_price_volatility,params_sign_regime_switch_probability,params_trade_sign_persistence,params_trade_size_median,params_trade_size_sigma,user_attrs_loss_std,user_attrs_metric_distances,user_attrs_seed_losses,state
19,21.859762020565444,1.4072820594093483,0.931315945932609,0.051961723290361285,0.18270477044121913,1.8862165024942301,5.0,0.0805853829977726,0.6575719281805219,0.4723420475172908,0.008196593503538492,0.7320915761991371,0.0034429689736620505,0.35888086739346337,2.042364294163001,0.04736387425000153,0.8996706109039585,0.0013510831449501009,3.4425749557534555,0.5644794077301596,"{'median_spread': 0.0, 'mean_trade_size': 0.554010886672268, 'trades_per_second': 1.3400650038658448, 'return_volatility': 0.49124419706017974, 'spread_distribution': 1.0871762374001068, 'relative_spread_distribution': 1.0858475458618309, 'trade_size_distribution': 0.5274949345328831, 'interarrival_distribution': 0.7174381083374947, 'bid_depth_distribution': 0.5983995855377554, 'ask_depth_distribution': 0.4408130158975048, 'sign_acf_curve': 0.33866679162868124, 'response_curve': 1.5486188079105887, 'clock_response_curve': 0.9176283074144811, 'size_impact_curve': 2.6128692785845424, 'flow_impact_curve': 1.7978081182229968}","[22.492519912656704, 21.8887102919829, 21.113383945897198]",COMPLETE
20,56.381540586074806,1.4720881328710453,8.41256637267044,0.06107214739051692,0.17499081398469787,1.7791455923943802,5.0,0.08173377045360838,0.5423243955912527,0.4234308185915716,0.006901934376800685,0.7441662187745156,0.00399475824950243,0.2968079739083208,2.0966560338647335,0.042362323204302194,0.9398399841218755,0.0015849494759823351,3.474005664117554,2.4282178265598864,"{'median_spread': 0.0, 'mean_trade_size': 0.9654574663518152, 'trades_per_second': 1.2982074584720755, 'return_volatility': 0.31917530134427063, 'spread_distribution': 1.0871762374001068, 'relative_spread_distribution': 1.0858235916959784, 'trade_size_distribution': 0.4531884414874985, 'interarrival_distribution': 0.7329148406629536, 'bid_depth_distribution': 0.7011473823395887, 'ask_depth_distribution': 0.5762565540089408, 'sign_acf_curve': 0.561163655244139, 'response_curve': 7.43204897941238, 'clock_response_curve': 0.8600369381236685, 'size_impact_curve': 13.393278881271444, 'flow_impact_curve': 7.3913046112173575}","[53.854752795834415, 55.34032333844524, 59.585312949960795]",COMPLETE
21,21.602319409072013,1.2059254897351275,1.0876990913665001,0.051684618310830585,0.22179341369041777,1.9981113242586,5.0,0.08931402664946035,0.8012611333548912,0.7889500930616955,0.009558917841814377,0.74524115852915,0.0026643240306120437,0.3922456792224407,2.1895890721227427,0.0467543364801898,0.8900735508948386,0.0013834836301525719,3.2400496320104355,3.211924013372704,"{'median_spread': 0.0, 'mean_trade_size': 0.3784521306625666, 'trades_per_second': 1.2360164270814662, 'return_volatility': 0.4808328608216425, 'spread_distribution': 1.0824654414131567, 'relative_spread_distribution': 1.0811213290179982, 'trade_size_distribution': 0.1573898635874658, 'interarrival_distribution': 0.7054362372252769, 'bid_depth_distribution': 0.39624037134037343, 'ask_depth_distribution': 0.3444454639136372, 'sign_acf_curve': 0.30365878097234933, 'response_curve': 1.3289838965825775, 'clock_response_curve': 1.0527996754826476, 'size_impact_curve': 2.995134644358457, 'flow_impact_curve': 2.3723336235353893}","[18.739638576446325, 25.954843604193734, 19.630687444570075]",COMPLETE
22,21.117206325723615,1.2909201805415063,1.694841347212523,0.05040406064358652,0.2363365309893921,1.6807170400539548,5.0,0.08102392480161481,0.6741665380379807,0.48728938945998557,0.008071298449670078,0.7473082359442018,0.003573195089047497,0.40916203331014284,2.035221784956943,0.0439533853830891,0.8994409215612211,0.001486751784112689,3.4393774000637243,0.7315760734112489,"{'median_spread': 0.0, 'mean_trade_size': 0.6655721080496783, 'trades_per_second': 1.3662568873263323, 'return_volatility': 0.45307828801789823, 'spread_distribution': 1.0871762374001068, 'relative_spread_distribution': 1.085778000218604, 'trade_size_distribution': 0.5913348042944265, 'interarrival_distribution': 0.6816710210188827, 'bid_depth_distribution': 0.28540222099908696, 'ask_depth_distribution': 0.29985721575931595, 'sign_acf_curve': 0.33800989831924405, 'response_curve': 0.9839772782422237, 'clock_response_curve': 0.9333304009981055, 'size_impact_curve': 2.8433240458119933, 'flow_impact_curve': 2.2680518116829544}","[22.074391851928656, 20.833003595257765, 20.33448711897275]",COMPLETE
23,21.513778863388175,1.1482675488560163,1.9188189721124478,0.052388552597284636,0.2979896341256807,1.8367547798802566,5.0,0.12532960495450515,0.7985515287260678,0.5190995843162479,0.007926989724165586,0.7450922679568227,0.0031146738087693866,0.43515577895506924,3.329507956267477,0.038793682331609444,0.8995843255558539,0.001728378099809193,3.2054546627203697,1.3428956619552346,"{'median_spread': 0.0, 'mean_trade_size': 0.6140198187198732, 'trades_per_second': 1.0450131022731646, 'return_volatility': 0.2218336621770303, 'spread_distribution': 1.0871762374001068, 'relative_spread_distribution': 1.0858333650923804, 'trade_size_distribution': 0.43120133693321155, 'interarrival_distribution': 0.6414491306864626, 'bid_depth_distribution': 0.4485358369726697, 'ask_depth_distribution': 0.43958055780980737, 'sign_acf_curve': 0.28335429744165075, 'response_curve': 1.0639728362985799, 'clock_response_curve': 0.9318567256320102, 'size_impact_curve': 3.833046207845802, 'flow_impact_curve': 2.4861061886096727}","[20.45516477725031, 23.34514975684401, 20.53958770677692]",COMPLETE
24,22.595552638366307,1.1174493451786847,2.6285367202016983,0.05549390241846374,0.34885944096107224,1.9221436256910525,5.0,0.1522148288852884,0.5225863571849054,0.4554506582604741,0.007315965241603805,0.7490572329589956,0.004294932052542692,0.46439808388890935,3.467104350452684,0.030738557519098354,0.9020742648366089,0.0016642483102077776,3.1683364333358934,2.3292258557929295,"{'median_spread': 0.0, 'mean_trade_size': 0.6305232920730685, 'trades_per_second': 1.0194086832959333, 'return_volatility': 0.17764321398613805, 'spread_distribution': 1.0920753728763106, 'relative_spread_distribution': 1.090710205158716, 'trade_size_distribution': 0.26108366132342137, 'interarrival_distribution': 0.6060260380645687, 'bid_depth_distribution': 0.31473378362476606, 'ask_depth_distribution': 0.2662665583005597, 'sign_acf_curve': 0.3206262945726948, 'response_curve': 1.959281691740366, 'clock_response_curve': 1.0612229038459509, 'size_impact_curve': 3.071341929957102, 'flow_impact_curve': 2.4356769785790386}","[21.279482760778308, 20.42208475584665, 25.735706520105012]",COMPLETE
25,22.5832076638669,0.018308103290501032,2.8815448698581374,0.11788017028532635,0.3588276739460087,0.8422059848971746,5.0,0.13807470014949477,0.838687458844808,0.48091495040409704,0.005761228106014533,0.6022408271072351,0.0036109068719201143,0.45860299517981973,3.5057057682357318,0.06725587310909384,0.8912593815186856,0.0019772072494187625,3.496985661085954,2.3924543446480753,"{'median_spread': 0.0, 'mean_trade_size': 0.6619459647828162, 'trades_per_second': 0.7813204753648432, 'return_volatility': 0.2255324759340489, 'spread_distribution': 1.0965978293740073, 'relative_spread_distribution': 1.0951692919985796, 'trade_size_distribution': 0.4014243396242982, 'interarrival_distribution': 0.5008150914388078, 'bid_depth_distribution': 1.0647277920857385, 'ask_depth_distribution': 1.092528279009721, 'sign_acf_curve': 0.1985847166448633, 'response_curve': 1.2901764750300322, 'clock_response_curve': 1.076353888206336, 'size_impact_curve': 2.759492626552751, 'flow_impact_curve': 3.0446054166359886}","[20.438149472177464, 21.12918422904519, 25.823421138680846]",COMPLETE
26,25.956646700936936,1.1493861819302762,2.0142424594602577,0.052994319072365396,0.157905156737724,1.9404628915574706,4.0,0.13054961375816582,0.9051274019877384,0.4982308652580568,0.013562954715128389,0.7370750373917432,0.0028017386046085384,0.45827331883268163,3.4235470307524376,0.03361641207928706,0.9457481597379956,0.0016846180022248502,3.1247991810125986,3.764757480814803,"{'median_spread': 0.0, 'mean_trade_size': 0.7118123625614169, 'trades_per_second': 0.9493819920792941, 'return_volatility': 0.20700501017146655, 'spread_distribution': 1.079874491600696, 'relative_spread_distribution': 1.07863656172583, 'trade_size_distribution': 0.5678673931900962, 'interarrival_distribution': 0.6328889850054615, 'bid_depth_distribution': 0.62919892331446, 'ask_depth_distribution': 0.5257306060189468, 'sign_acf_curve': 0.588440614227594, 'response_curve': 2.206039750187932, 'clock_response_curve': 0.9961474729831985, 'size_impact_curve': 3.3454560756133405, 'flow_impact_curve': 3.0820957985735142}","[30.713763028721214, 21.587603452728057, 25.003859999239317]",COMPLETE
27,22.441111718550705,1.2810687254291524,2.0923042438776984,0.12205991770898586,0.384328120631858,0.7160193865425446,5.0,0.1261632890130267,0.555151512640336,0.3427562490279129,0.0012166405858034662,0.622755722283862,0.0057630407619445444,0.3027753808900995,3.192224496596533,0.033506291557415274,0.8834328778411338,0.000986165252995688,3.227750771931408,0.6823041645754327,"{'median_spread': 0.0, 'mean_trade_size': 0.08495186892925376, 'trades_per_second': 0.6337331999878836, 'return_volatility': 0.32930574310426836, 'spread_distribution': 1.0965978293740073, 'relative_spread_distribution': 1.0952094502797713, 'trade_size_distribution': 0.49120876946549435, 'interarrival_distribution': 0.6238973047060926, 'bid_depth_distribution': 0.8027893839839183, 'ask_depth_distribution': 0.7705976202342059, 'sign_acf_curve': 0.2863547379423445, 'response_curve': 1.3145260162643237, 'clock_response_curve': 0.909059912481247, 'size_impact_curve': 3.8596676541565818, 'flow_impact_curve': 2.9929042710617626}","[23.180767004586542, 22.519378602547604, 21.52084392383165]",COMPLETE
28,23.10132013032516,1.0640810573682173,1.774527651870004,0.05255650589922347,0.14294560756593339,1.9662648094562132,4.0,0.08473781640544434,0.8940442710480999,0.5331692797691309,0.014963974733646773,0.7478083109164751,0.002591570822458405,0.46460135422534016,2.1041483358141084,0.06906642052658309,0.9003603616899037,0.0026687929647975306,3.4664508579757056,1.5441987757391507,"{'median_spread': 0.0, 'mean_trade_size': 1.145503054129964, 'trades_per_second': 1.4640728228849023, 'return_volatility': 0.3363405740923325, 'spread_distribution': 1.0716554650299346, 'relative_spread_distribution': 1.0704733402741418, 'trade_size_distribution': 0.9031707956592618, 'interarrival_distribution': 0.6622391334638741, 'bid_depth_distribution': 0.35228349770666273, 'ask_depth_distribution': 0.4779892771157206, 'sign_acf_curve': 0.3794585056251405, 'response_curve': 1.639832217173345, 'clock_response_curve': 0.9452539703653406, 'size_impact_curve': 2.456618059961969, 'flow_impact_curve': 1.8987700911883636}","[21.16086330598116, 22.969296575458984, 24.94217069317447]",COMPLETE
29,28.30099459164889,1.4788238630207633,5.452801376780463,0.3216853649024726,0.3551503401327916,0.7212444310016064,5.0,0.08025929451499737,0.5751572543709526,0.5428479148080754,0.004113277746269429,0.7490688709273142,0.002342906862854113,0.2854349822566246,3.4851989749160346,0.04059531365691441,0.87074400472127,0.0016688279781062643,3.0429323003947997,2.646129744395553,"{'median_spread': 0.0, 'mean_trade_size': 0.08792975453065609, 'trades_per_second': 1.1699823366019808, 'return_volatility': 0.15074531183487264, 'spread_distribution': 1.0965978293740073, 'relative_spread_distribution': 1.0951874174129865, 'trade_size_distribution': 0.6468081463484788, 'interarrival_distribution': 0.7412881428956529, 'bid_depth_distribution': 0.9334201340265675, 'ask_depth_distribution': 1.0594010039404418, 'sign_acf_curve': 0.18725642804452447, 'response_curve': 1.203368073894634, 'clock_response_curve': 1.0026369237360964, 'size_impact_curve': 4.362692908322545, 'flow_impact_curve': 5.600284842885071}","[30.886521940455715, 24.581983412395584, 29.037558960436044]",COMPLETE
30,106.64815844601839,1.039167259279124,2.971506249670337,0.24610560083206975,0.47616168697573574,1.9904478633434057,4.0,0.14505347162132962,1.0632187014398793,0.34637631216283815,0.001790930100656527,0.6094190577299317,0.010054870482133542,0.45535078080341806,23.562459309487632,0.0812211735803656,0.9154037412404236,0.0016714160440381588,3.4809243405486026,22.020526162322817,"{'median_spread': 0.0, 'mean_trade_size': 1.0996724462632612, 'trades_per_second': 0.7719188676296226, 'return_volatility': 3.7763632977292283, 'spread_distribution': 1.0965978293740073, 'relative_spread_distribution': 1.0949693408920742, 'trade_size_distribution': 0.47500520133516216, 'interarrival_distribution': 0.5370143406696106, 'bid_depth_distribution': 0.6506728884604792, 'ask_depth_distribution': 0.7764436114185841, 'sign_acf_curve': 0.294869857674775, 'response_curve': 18.00286010514516, 'clock_response_curve': 1.1974815242007575, 'size_impact_curve': 19.059642642210882, 'flow_impact_curve': 15.96951368562315}","[110.44099958679102, 76.46576760026333, 129.73462922665237]",COMPLETE
31,19.594462134989882,1.220790120805886,1.1048170668344064,0.052047166742636056,0.20699989404778657,1.9505558469868438,5.0,0.08027801310497051,0.8552625041097623,0.7812307334089168,0.012654791153169004,0.7438974832181939,0.002624206688742613,0.38060125765591485,2.200961437559674,0.04534915353079316,0.892069147661705,0.00140807901971129,3.274450071170441,1.4175822563394276,"{'median_spread': 0.0, 'mean_trade_size': 0.550870444738408, 'trades_per_second': 1.259493672722367, 'return_volatility': 0.43636301169306924, 'spread_distribution': 1.079874491600696, 'relative_spread_distribution': 1.0786153598349246, 'trade_size_distribution': 0.3610496817121081, 'interarrival_distribution': 0.6932647934042322, 'bid_depth_distribution': 0.38630425427828513, 'ask_depth_distribution': 0.33031226446110534, 'sign_acf_curve': 0.2973255520176548, 'response_curve': 0.7558900103536724, 'clock_response_curve': 0.9279234931342241, 'size_impact_curve': 2.7301487500504726, 'flow_impact_curve': 2.128237515841023}","[21.48531145533209, 18.900525102538595, 18.184912508648043]",COMPLETE
32,18.922073516164296,1.2283213357075424,1.177434388486423,0.05507983172543727,0.19359422550038324,0.010374104824552281,5.0,0.08495186798382191,0.8719590738983585,0.7272239099595214,0.01478103057922231,0.7365278193650299,0.0029205086984002066,0.3660857033039848,2.0954144658140956,0.05012504971118067,0.8955864217949923,0.0013212084962684104,3.245703062251411,1.7769370496885606,"{'median_spread': 0.0, 'mean_trade_size': 0.27109546259908895, 'trades_per_second': 1.1506710896087615, 'return_volatility': 0.5581045249897817, 'spread_distribution': 1.079874491600696, 'relative_spread_distribution': 1.078625625503658, 'trade_size_distribution': 0.16530078190636727, 'interarrival_distribution': 0.7076973896820987, 'bid_depth_distribution': 0.3749334319643747, 'ask_depth_distribution': 0.48746702718922846, 'sign_acf_curve': 0.25133892283114206, 'response_curve': 1.2578167364586788, 'clock_response_curve': 1.0960769401972221, 'size_impact_curve': 1.8497315495864566, 'flow_impact_curve': 1.5495031948982347}","[18.45609411354541, 16.87014561691305, 21.17344026058115]",COMPLETE
33,18.889957050415102,1.247181566442992,0.7448188948478508,0.050609550339679024,0.13597374095240777,0.0102551547975103,5.0,0.0833033705259459,0.9512644647872175,0.7790440973463949,0.02628108006078171,0.7399235108404731,0.0022580694148490016,0.3274744874960192,2.0083816656215983,0.06253008670018784,0.8832889186572281,0.0011974265551704657,3.328583261670617,2.030428085261071,"{'median_spread': 0.0, 'mean_trade_size': 0.27068728409798853, 'trades_per_second': 1.223828507104946, 'return_volatility': 0.5845184937748801, 'spread_distribution': 1.0739898997640978, 'relative_spread_distribution': 1.0727630081508952, 'trade_size_distribution': 0.31037987563281283, 'interarrival_distribution': 0.7286510187703618, 'bid_depth_distribution': 0.4510331640909417, 'ask_depth_distribution': 0.4828446212520527, 'sign_acf_curve': 0.2530532954187101, 'response_curve': 1.1659302604266895, 'clock_response_curve': 1.0619552898759341, 'size_impact_curve': 1.7699834881697807, 'flow_impact_curve': 1.4435469084861399}","[16.05158965834284, 20.909329797899193, 19.404387482214112]",COMPLETE
34,20.02944950773834,1.2745219097658214,0.5212768683195963,0.11066312928179153,0.11958126772102042,0.011167979753208296,5.0,0.08521990706150037,1.0305300013380465,0.797625768770891,0.029530808491080206,0.6676885471121365,0.001051855099557857,0.25251251090762866,2.1064845173000846,0.0765173230365308,0.8656153615655031,0.0009794896483168217,3.189058940272486,0.92667019767258,"{'median_spread': 0.0, 'mean_trade_size': 0.08408493735241358, 'trades_per_second': 0.8304979151074751, 'return_volatility': 0.5690784901331735, 'spread_distribution': 1.0785790166944655, 'relative_spread_distribution': 1.0773439604240367, 'trade_size_distribution': 0.36796712928257874, 'interarrival_distribution': 0.6892334885613839, 'bid_depth_distribution': 0.7725784772537772, 'ask_depth_distribution': 0.8078577690017067, 'sign_acf_curve': 0.2751762252653214, 'response_curve': 1.5932297229647439, 'clock_response_curve': 1.1190762964614758, 'size_impact_curve': 1.2223082025715042, 'flow_impact_curve': 1.9931938498774933}","[20.17380334346237, 21.01062816399489, 18.764916486106888]",COMPLETE
35,19.487458026168753,1.2366262063844415,0.5823905247978374,0.10248387737857098,0.1257567824707511,0.010245800705379157,5.0,0.08277730303857936,1.0952634985728926,0.7965749676253749,0.03584001237707064,0.6719265953832078,0.002035232127192204,0.2727021714339823,2.006719323957918,0.0735856469370376,0.8616216562005002,0.0010818234484422683,3.2074280265459665,1.0772113875317362,"{'median_spread': 0.0, 'mean_trade_size': 0.06209850337986739, 'trades_per_second': 0.865094315511882, 'return_volatility': 0.5923046374223802, 'spread_distribution': 1.0786788435276198, 'relative_spread_distribution': 1.0774472470988592, 'trade_size_distribution': 0.35835694448703087, 'interarrival_distribution': 0.6936448359794071, 'bid_depth_distribution': 0.7669719560839465, 'ask_depth_distribution': 0.7627864710270815, 'sign_acf_curve': 0.25046096313444827, 'response_curve': 1.541086363731486, 'clock_response_curve': 1.0566064385989224, 'size_impact_curve': 1.5065339137611187, 'flow_impact_curve': 1.6246018051557376}","[18.101406176793603, 20.739635559255, 19.4597506343279]",COMPLETE
36,19.123816468829588,1.2961503164049823,0.4909485133107475,0.13813886143982407,0.0888843568961344,0.010786649215942263,4.0,0.08395291606324475,1.1417832654356546,0.7935950989785547,0.050134508377518504,0.6267631084418827,0.0016559300999955176,0.22617869706292654,2.0000353678519605,0.08844267181471926,0.8404102412657283,0.0009368477222267739,2.9918219863791005,0.42329386238685135,"{'median_spread': 0.0, 'mean_trade_size': 0.2614310727107226, 'trades_per_second': 0.6718946134015072, 'return_volatility': 0.5883193774949845, 'spread_distribution': 1.0785790166944655, 'relative_spread_distribution': 1.077366875335665, 'trade_size_distribution': 0.5673510147907144, 'interarrival_distribution': 0.675596089108251, 'bid_depth_distribution': 0.8947971129924296, 'ask_depth_distribution': 0.9176935089213566, 'sign_acf_curve': 0.3919390106656702, 'response_curve': 1.1915629082134858, 'clock_response_curve': 1.0899434533775612, 'size_impact_curve': 1.484820351262412, 'flow_impact_curve': 1.5173491157230738}","[19.354605898933414, 19.446946848872454, 18.506402579324867]",COMPLETE
37,20.08617083128544,1.467161243738694,0.4416437971415346,0.14971307633808165,0.0566819739372468,0.010007579051787195,4.0,0.12702610559746352,1.2495028161905837,0.7822175374738823,0.04785042992841877,0.6052706210935197,0.0010208585107930942,0.22055548334024258,2.0059878932483444,0.0956256361794741,0.8220366240231436,0.0008318373579346946,2.798500709561662,3.3163125877425075,"{'median_spread': 0.0, 'mean_trade_size': 0.21615181326287178, 'trades_per_second': 0.519884877501064, 'return_volatility': 0.5923387258212818, 'spread_distribution': 1.0811699665069263, 'relative_spread_distribution': 1.0798869280913515, 'trade_size_distribution': 0.44481720388091794, 'interarrival_distribution': 0.641700376223824, 'bid_depth_distribution': 0.7255149200314227, 'ask_depth_distribution': 0.6870523315610172, 'sign_acf_curve': 0.5426341700425162, 'response_curve': 1.331636502895979, 'clock_response_curve': 1.0639187752697863, 'size_impact_curve': 2.033308405128787, 'flow_impact_curve': 1.9438996727021969}","[19.725322537094414, 24.07599492623572, 15.959748142364807]",COMPLETE
