number,value,params_market_maker_asymmetric_liquidity,params_market_maker_flow_response,params_market_maker_flow_signal_decay,params_market_maker_inventory_signal_decay,params_market_maker_inventory_skew,params_market_maker_level_spacing_ticks,params_market_maker_quote_size,params_market_maker_quote_size_sigma,params_market_maker_refresh_seconds,params_market_maker_spread_sensitivity,params_market_order_arrival_rate,params_order_flow_burst_interval_seconds,params_order_flow_burst_probability,params_reference_price_volatility,params_sign_regime_switch_probability,params_trade_sign_persistence,params_trade_size_median,params_trade_size_sigma,user_attrs_loss_std,user_attrs_metric_distances,user_attrs_seed_losses,state
76,21.30548160284449,0.8928661546418305,0.6610983041433073,0.6235534021454057,0.2777424346009946,0.27823736414893885,5.0,0.1585498994627929,1.3194729650795054,0.17362309220768832,0.002313755266317708,0.4798546005509926,0.003374952284667123,0.4691747046724962,2.0093627255194817,0.036343521068262594,0.9170576442928532,0.0018983258043708524,3.351836652897599,4.312827733812012,"{'median_spread': 0.0, 'mean_trade_size': 1.0657898529457857, 'trades_per_second': 0.2639928289186056, 'return_volatility': 0.5854676689526334, 'spread_distribution': 1.0965978293740073, 'relative_spread_distribution': 1.0951991974786175, 'trade_size_distribution': 0.5731137874200102, 'interarrival_distribution': 0.30537064266467534, 'bid_depth_distribution': 0.6755492730184477, 'ask_depth_distribution': 0.7359927537340084, 'sign_acf_curve': 0.46159589300564635, 'response_curve': 1.9814766380649276, 'clock_response_curve': 1.099232818295625, 'size_impact_curve': 2.452751948354749, 'flow_impact_curve': 1.381399138477479}","[16.418886434902873, 26.821987192667887, 20.02864702089092]",COMPLETE
77,20.49964993507165,0.6727781121041496,0.741497758762636,0.30639771148854217,0.13971212716425707,0.13154270847393423,5.0,0.22525796884660415,1.2324712941845772,0.12940487624878644,0.002490705882797956,0.5071586569030805,0.002871584204939985,0.4699679834448174,2.9042075807789143,0.0649915122851884,0.9494669358274864,0.001627855908738198,3.0844492600594147,0.6555044595148801,"{'median_spread': 0.0, 'mean_trade_size': 0.7786927786709584, 'trades_per_second': 0.2979483812121255, 'return_volatility': 0.40953416239543344, 'spread_distribution': 1.0965978293740073, 'relative_spread_distribution': 1.0951814278795664, 'trade_size_distribution': 0.32265124849962934, 'interarrival_distribution': 0.3330009615787157, 'bid_depth_distribution': 0.5831153019415729, 'ask_depth_distribution': 0.6380966883228192, 'sign_acf_curve': 0.4722377655231062, 'response_curve': 1.644328443118426, 'clock_response_curve': 1.1862505945258868, 'size_impact_curve': 2.463816761689539, 'flow_impact_curve': 2.062201297209643}","[19.63972628222686, 21.24293789360696, 20.517959960453897]",COMPLETE
78,60.669199498447924,0.8840164778098771,0.17148628181605105,4.722483050234205,0.14388772757790275,0.3094757375208392,5.0,0.14798874384651126,1.5349161645585223,0.18147084298278326,0.003912318111411728,0.4354114794651214,0.0025630479201769504,0.4375181754162985,16.084795606702496,0.10114478552887865,0.9113102635930279,0.0017277550222881445,3.3311909205719403,24.511461976883606,"{'median_spread': 0.0, 'mean_trade_size': 1.492554013877973, 'trades_per_second': 0.21656743082369445, 'return_volatility': 2.255233915830687, 'spread_distribution': 1.0965978293740073, 'relative_spread_distribution': 1.095054824315495, 'trade_size_distribution': 0.8153708195019508, 'interarrival_distribution': 0.2542616276309407, 'bid_depth_distribution': 0.4988266240133732, 'ask_depth_distribution': 0.5914964440230884, 'sign_acf_curve': 0.24121605781415942, 'response_curve': 6.853405548833428, 'clock_response_curve': 1.3876115506987021, 'size_impact_curve': 16.045603176959194, 'flow_impact_curve': 7.810194774976371}","[93.88542233395769, 38.82571916270784, 45.619737702145706]",COMPLETE
79,27.2951203134991,0.958951505876504,1.5607554862196262,0.9345098157190973,0.29905048516819177,0.15544663874260167,5.0,0.13387877719129498,1.2201495028763434,0.12626471811723847,0.004582534323104559,0.5460887477120522,0.0024470439930577097,0.3234845665108496,4.499310777277665,0.13633528238345538,0.9068355484003303,0.0005998187540083057,3.101096557832614,2.798973696596355,"{'median_spread': 0.0, 'mean_trade_size': 0.32015167505020137, 'trades_per_second': 0.354163988654977, 'return_volatility': 0.0831705173025868, 'spread_distribution': 1.0965978293740073, 'relative_spread_distribution': 1.0951780384098024, 'trade_size_distribution': 0.5253063118371272, 'interarrival_distribution': 0.5056924816957041, 'bid_depth_distribution': 0.8785440791336354, 'ask_depth_distribution': 0.916898155752378, 'sign_acf_curve': 0.39831230343431506, 'response_curve': 2.7298526193244133, 'clock_response_curve': 1.000542935193347, 'size_impact_curve': 4.240423915476356, 'flow_impact_curve': 3.6725707579796385}","[28.04951334204941, 23.36861530364248, 30.04738624031597]",COMPLETE
