number,value,params_large_order_multiplier,params_large_order_pareto,params_large_order_probability,params_market_maker_asymmetric_liquidity,params_market_maker_flow_response,params_market_maker_flow_signal_decay,params_market_maker_inventory_signal_decay,params_market_maker_inventory_skew,params_market_maker_level_spacing_ticks,params_market_maker_queue_imbalance_response,params_market_maker_quote_size,params_market_maker_quote_size_sigma,params_market_maker_refresh_seconds,params_market_maker_spread_sensitivity,params_market_order_arrival_rate,params_order_flow_burst_interval_seconds,params_order_flow_burst_probability,params_order_flow_hawkes_branching,params_order_flow_hawkes_decay,params_order_flow_long_memory_exponent,params_order_flow_long_memory_probability,params_reference_price_volatility,params_sign_regime_switch_probability,params_trade_sign_persistence,params_trade_size_median,params_trade_size_sigma,user_attrs_loss_std,user_attrs_metric_distances,user_attrs_seed_losses,state
44,1.8909558284019745,29.95011987918954,1.7779383412887348,0.021933679837818763,0.2199233245077802,4.038891032777346,0.839202921614529,0.09714483391789108,0.012387890919282989,3.0,-0.5978706462867941,0.34612316422657585,1.0426745076933628,0.29467656968213457,0.0004736931508943278,0.6943778073291479,0.05357040547805406,0.05694993840138571,0.5821651375149867,0.008979918211023535,0.5892175308185504,0.7096604552579633,3.48892650221506,0.12122162290648339,0.9169698653182501,0.0010162859509702236,2.707345215160148,0.0,"{'arrival_clustering': 1.158996957008111, 'trade_size_tail_p99_to_median': 0.15761021486945317, 'trade_size_tail_top_1pct_volume_share': 0.03742605285777838, 'spread_one_tick_share': 0.024590163682477854, 'ofi_slope': 0.023184974783700935, 'ofi_r2': 0.16771889778973897, 'response_monotone_fraction': 0.10714285580357147, 'depth_shape_bid': 0.10714285580357147, 'depth_shape_ask': 0.10714285580357147}",[1.8909558284019745],COMPLETE
45,4.496301474062736,42.9620506525108,1.815327098542368,0.024955749577875132,0.19958363761385822,4.390469830286929,0.6213234849074964,0.10697003081373191,0.010517129005293866,3.0,-0.7255044977773959,0.3272214382041927,1.070718171625911,0.2500805205555734,0.0010066767120134007,0.6959877311732381,0.09120605059138714,0.06228570175296345,0.35350426312570543,0.015551908859902118,0.650104242151381,0.6381280857616567,2.8618028074933157,0.14032132339059367,0.875093829376071,0.00110502897224898,2.778378065044253,0.0,"{'arrival_clustering': 1.2283901011521368, 'trade_size_tail_p99_to_median': 0.13290956089453926, 'trade_size_tail_top_1pct_volume_share': 0.03688404291788301, 'spread_one_tick_share': 0.024590163682477854, 'ofi_slope': 0.527127954276978, 'ofi_r2': 0.37983078985569624, 'sign_memory_exponent': 0.952283162175881, 'response_monotone_fraction': 0.9999999875000001, 'depth_shape_bid': 0.10714285580357147, 'depth_shape_ask': 0.10714285580357147}",[4.496301474062736],COMPLETE
46,4.600513713090282,36.557471549718485,1.7331672739542572,0.022795542293187514,0.185364713390056,4.187701616843685,0.6987533709730765,0.1079253770665599,0.01003165335977446,2.0,-0.8209551937148777,0.21753840459390442,0.6972868064984727,0.3044828900941744,0.0007758147319457336,0.7142752339450462,0.047263912345282606,0.13437906911552477,0.5382277252795605,0.01639566097178229,0.5953894700277546,0.6903826447342262,3.076949267999264,0.12391617481529664,0.9046480071779615,0.0010497882816713473,3.23727220416174,0.0,"{'arrival_clustering': 1.2216342379697658, 'trade_size_tail_p99_to_median': 0.15909494230810423, 'trade_size_tail_top_1pct_volume_share': 0.47998178606823144, 'spread_one_tick_share': 0.024590163682477854, 'ofi_slope': 1.1916736441896016, 'ofi_r2': 0.13068181342567273, 'response_monotone_fraction': 0.8214285611607145, 'depth_shape_bid': 0.10714285580357147, 'depth_shape_ask': 0.46428570848214296}",[4.600513713090282],COMPLETE
47,4.370259307821733,63.75275547246069,1.7813963393824057,0.022474575522508547,0.22128955795597816,4.198234228775033,0.5569218540856677,0.10290210215102563,1.9674453736504895,3.0,0.2785992783159177,0.12200739329107807,1.1305041945511163,0.3200562249997776,0.0006172234352637988,0.3127419765255932,0.09644541039707256,0.05142723028879789,0.572331327673211,0.003143441237482172,0.5520625048076951,0.6968319599460351,3.0332751242064395,0.1158427320755103,0.9207493731487002,0.0007548661407594454,2.69944388455987,0.0,"{'arrival_clustering': 1.0503535282997039, 'trade_size_tail_p99_to_median': 0.7907294512297786, 'trade_size_tail_top_1pct_volume_share': 0.687023864540541, 'spread_one_tick_share': 0.024590163682477854, 'ofi_slope': 0.7886214149284166, 'ofi_r2': 0.23132184749200593, 'response_monotone_fraction': 0.5833333260416668, 'depth_shape_bid': 0.10714285580357147, 'depth_shape_ask': 0.10714285580357147}",[4.370259307821733],COMPLETE
48,4.369895155113787,31.737243494986394,2.052379980351747,0.020644688438630432,0.25570187503339326,3.2453554995588276,0.9024438080604603,0.10653525291951746,0.019961742621601896,1.0,-1.2570633597553993,0.4301371802471729,1.1530007205576598,0.24651077607411567,0.0033679312958770687,0.6891681078776491,0.0458602757223999,0.14375302721458877,0.6750348914757475,0.01676248711738759,0.5515029724513042,0.8263059714199371,4.195898659036225,0.10838656964703888,0.8723003577313422,0.0011283400531424258,2.662505357116454,0.0,"{'arrival_clustering': 1.132995171475897, 'trade_size_tail_p99_to_median': 0.25829667326178957, 'trade_size_tail_top_1pct_volume_share': 0.1073461260786103, 'spread_one_tick_share': 0.024590163682477854, 'ofi_slope': 0.503105396249245, 'ofi_r2': 0.3892434860181702, 'sign_memory_exponent': 0.9543181508475969, 'response_monotone_fraction': 0.24999999687499996, 'depth_shape_bid': 0.46428570848214296, 'depth_shape_ask': 0.28571428214285727}",[4.369895155113787],COMPLETE
49,4.093322538569879,54.23785523057869,1.7376933794603722,0.018217754533993175,0.006412349898155867,2.8935842038651574,0.9634196634036595,0.11088947321166231,0.018895524169860994,5.0,-0.29217094591857967,0.2426428989852984,1.1026722109318405,0.33655907092557746,0.000471328793152512,0.6585968530979903,0.0010190747433362931,0.05569542874955218,0.5633457851319487,0.0057772855575223174,0.6669351174366547,0.824526398025811,2.498921059350938,0.14237174318019796,0.9202349581352074,0.001102571819876555,3.228663485167911,0.0,"{'arrival_clustering': 1.0051663077361053, 'trade_size_tail_p99_to_median': 0.622083360499965, 'trade_size_tail_top_1pct_volume_share': 0.6244860690465885, 'spread_one_tick_share': 0.024590163682477854, 'ofi_slope': 0.1734798728066063, 'ofi_r2': 0.22747569272238305, 'sign_memory_exponent': 0.38032679930789515, 'response_monotone_fraction': 0.8214285611607145, 'depth_shape_bid': 0.10714285580357147, 'depth_shape_ask': 0.10714285580357147}",[4.093322538569879],COMPLETE
50,3.5440138992360533,24.705878538564402,1.7266143469413386,0.022775843541039155,0.3073427216213137,0.05071892929651884,0.10456406013898073,0.09764035178412575,0.010546902841655968,3.0,-1.3304568445646412,0.41664063931919915,0.7545408589678606,0.20995012346190586,0.0004751774824656079,0.7381122763923367,0.05248552032622369,0.47371268982451264,0.6809599381341838,0.0010696976513779675,0.563811775855356,0.7096567143678668,5.1041279229795755,0.10628794109035172,0.8630550218541977,0.0006639780494741233,2.81375564121163,0.0,"{'arrival_clustering': 1.2674195828803436, 'trade_size_tail_p99_to_median': 0.4839294021501472, 'trade_size_tail_top_1pct_volume_share': 0.5655791635425225, 'spread_one_tick_share': 0.024590163682477854, 'ofi_slope': 0.5114205921695782, 'ofi_r2': 0.10178928789134103, 'response_monotone_fraction': 0.37499999531250006, 'depth_shape_bid': 0.10714285580357147, 'depth_shape_ask': 0.10714285580357147}",[3.5440138992360533],COMPLETE
51,4.783086672402028,19.52290631612747,1.774130614927283,0.01841967926318698,0.31036675243001555,3.5847550082714514,1.310294076839984,0.07703057893778276,0.011557760809448116,3.0,-0.4376679950733712,0.3419836545831009,0.9759502611539682,0.31555868790978675,0.00011768165772883898,0.670506154697225,0.04251139697899066,0.1322431140425885,0.596599318463077,0.005591569742338466,0.5681763783119378,0.7674284442023186,4.165217562824596,0.11604305979975416,0.9298898534530348,0.0009204537207757731,2.6049754685391413,0.0,"{'arrival_clustering': 1.1704099785128184, 'trade_size_tail_p99_to_median': 0.5414034143009894, 'trade_size_tail_top_1pct_volume_share': 0.5901678681859022, 'spread_one_tick_share': 0.024590163682477854, 'ofi_slope': 0.07047034838369345, 'ofi_r2': 0.5722655695981015, 'sign_memory_exponent': 0.9566364833094739, 'response_monotone_fraction': 0.6428571348214287, 'depth_shape_bid': 0.10714285580357147, 'depth_shape_ask': 0.10714285580357147}",[4.783086672402028],COMPLETE
52,3.3388697434192403,26.906088129581157,1.7368628515724867,0.01820500124757759,0.27913304730047,2.622051727483391,1.2710232268914554,0.07424166860199127,0.01012959427980886,3.0,-0.5468882723963951,0.370112798417977,1.0712192465497132,0.31953029027605395,0.00010320599026855052,0.6724483751257859,0.04728289283865754,0.05379431477246442,0.6149882623552599,0.008525116127802016,0.5562677924839661,0.800274389311837,4.176783888562081,0.10743171065835067,0.9255405445333014,0.0009754953102904536,2.5983954964673712,0.0,"{'arrival_clustering': 1.080839755393286, 'trade_size_tail_p99_to_median': 0.6304880670447106, 'trade_size_tail_top_1pct_volume_share': 0.290118338568479, 'spread_one_tick_share': 0.024590163682477854, 'ofi_slope': 0.32337176218916036, 'ofi_r2': 0.3647306712036811, 'sign_memory_exponent': 0.12473099158744512, 'response_monotone_fraction': 0.28571428214285727, 'depth_shape_bid': 0.10714285580357147, 'depth_shape_ask': 0.10714285580357147}",[3.3388697434192403],COMPLETE
53,3.3054637980732453,33.0136044803056,1.740020678949221,0.01642720635183624,0.3566999703407723,2.089614856525997,0.8162343796251179,0.09170462107814652,0.010823719109343296,3.0,-0.39720876111977965,0.47245575715256494,1.1462540918044855,0.35058537722986466,0.00013049938151574297,0.624198652193085,0.05346799819779727,0.052836547582400556,0.6012221619887828,0.02017069523977919,0.5306602156397431,0.844425026309488,4.041499179772353,0.10526689698717431,0.9444728537816743,0.0011024432665825104,2.577634849361947,0.0,"{'arrival_clustering': 0.28839901514072847, 'trade_size_tail_p99_to_median': 0.10657620644913395, 'trade_size_tail_top_1pct_volume_share': 0.25014066763313403, 'spread_one_tick_share': 0.024590163682477854, 'ofi_slope': 0.6214699984740356, 'ofi_r2': 0.6465849865144453, 'sign_memory_exponent': 1.0462741927685757, 'response_monotone_fraction': 0.10714285580357147, 'depth_shape_bid': 0.10714285580357147, 'depth_shape_ask': 0.10714285580357147}",[3.3054637980732453],COMPLETE
54,4.801136800847068,40.05053781204436,2.133443836903596,0.015648214029113493,0.44140367642449796,1.8633384880159771,0.49714177686228717,0.1627712092899641,0.019397499011880467,3.0,0.06220384321507222,0.5058824541512958,1.2067749006539523,0.3957964623082202,0.0004127726181170869,0.5929871781290049,0.09203673061378907,0.1425695118743623,0.5312288028630752,0.032238659463665165,0.5219790015735771,0.860378072063396,3.069970168781134,0.10181970105398976,0.9478854627253911,0.0012953746223331346,2.5446325097352065,0.0,"{'arrival_clustering': 1.2776912091557335, 'trade_size_tail_p99_to_median': 0.31041720052462135, 'trade_size_tail_top_1pct_volume_share': 0.681986400108493, 'spread_one_tick_share': 0.024590163682477854, 'ofi_slope': 0.7795068582341069, 'ofi_r2': 0.5533415591737304, 'sign_memory_exponent': 0.6736034162179049, 'response_monotone_fraction': 0.28571428214285727, 'depth_shape_bid': 0.10714285580357147, 'depth_shape_ask': 0.10714285580357147}",[4.801136800847068],COMPLETE
55,3.0342920194807954,36.00677532979541,1.6870661154699502,0.015391987750215198,0.3986088275246471,1.6058835013051251,0.7144215027433757,0.09974217791034913,0.021872057482113683,4.0,-0.5728633439488244,0.5105743164764099,1.1606723704426605,0.3655832113096568,0.0003821752097159749,0.32809101021583353,0.051564277606395245,0.050979799840542295,0.661991375281165,0.019581238364856594,0.5219629097645171,0.8580073708595192,5.700873789200986,0.12941812769285016,0.949956058235421,0.0013103976729569803,2.801241404544806,0.0,"{'arrival_clustering': 1.2219227358075484, 'trade_size_tail_p99_to_median': 0.3048054479607969, 'trade_size_tail_top_1pct_volume_share': 0.530644631103033, 'spread_one_tick_share': 0.024590163682477854, 'ofi_slope': 0.12205380959909423, 'ofi_r2': 0.5743228535748689, 'response_monotone_fraction': 0.04166666614583332, 'depth_shape_bid': 0.10714285580357147, 'depth_shape_ask': 0.10714285580357147}",[3.0342920194807954],COMPLETE
56,7.587336834610661,63.21118337244496,1.6084502894471462,0.015310368695322164,0.48093998288605144,1.3296058719242798,0.3255999971035558,0.16143597658697378,0.03468168836073254,4.0,-0.8882728800890495,0.11659384634938422,1.1953123623161066,0.3963088128417898,0.004408395811892042,0.3358759717359646,0.053795992368760606,0.15712831691344406,0.7246586353104902,0.02820797200721703,0.4970529061825435,0.8665901672874221,6.419772761353156,0.14114291776048196,0.9496889944841744,0.0015179237962485075,2.9498740600024678,0.0,"{'arrival_clustering': 1.1804308031038269, 'trade_size_tail_p99_to_median': 0.6613062478463646, 'trade_size_tail_top_1pct_volume_share': 0.6115331015419081, 'spread_one_tick_share': 0.024590163682477854, 'ofi_slope': 2.6514487033034135, 'ofi_r2': 0.4061174948647004, 'sign_memory_exponent': 1.7304817528572556, 'response_monotone_fraction': 0.10714285580357147, 'depth_shape_bid': 0.10714285580357147, 'depth_shape_ask': 0.10714285580357147}",[7.587336834610661],COMPLETE
57,3.864987729144355,33.69672817714956,1.6511010293909065,0.015165197196651976,0.4414380547558677,5.454263070327825,0.739369911982529,0.09734017568170764,0.031858844904819585,5.0,1.4440406014529061,0.5594403033540686,1.157029155039352,0.24452215101280866,0.0007717450284811799,0.348263417142642,0.09637512041513718,0.05175286904209563,0.7107954828827084,0.021822903836571303,0.718665618495828,0.8623482337799457,7.983487786311906,0.13449779734172004,0.8990975540903614,0.0015647375235047709,2.8619334456882775,0.0,"{'arrival_clustering': 1.2724172835759269, 'trade_size_tail_p99_to_median': 0.6443314141506054, 'trade_size_tail_top_1pct_volume_share': 0.5742965637128413, 'spread_one_tick_share': 0.024590163682477854, 'ofi_slope': 0.04323709582822847, 'ofi_r2': 0.30016283981629843, 'response_monotone_fraction': 0.7916666567708335, 'depth_shape_bid': 0.10714285580357147, 'depth_shape_ask': 0.10714285580357147}",[3.864987729144355],COMPLETE
58,4.363621424061759,74.74649115559674,1.9925624240381157,0.02371959941260578,0.1551967711970807,0.4623534928333983,0.09748726983831453,0.09051932970549262,0.02608566732130921,4.0,-0.9576894588663727,0.2157413558286664,1.1924364427755905,0.5212240009935049,0.0004460941115993389,0.2991376742913415,0.0014936282276783305,0.15560460451429398,0.68522406983027,0.031885931794449034,0.6596961999571174,0.8696792426405912,6.375235530906292,0.1329542755757592,0.860742127837069,0.0013599102208240873,3.1568732506599715,0.0,"{'arrival_clustering': 1.10745467501955, 'trade_size_tail_p99_to_median': 0.4805280271802282, 'trade_size_tail_top_1pct_volume_share': 0.6195374441657242, 'spread_one_tick_share': 0.024590163682477854, 'ofi_slope': 0.5722753353292572, 'ofi_r2': 0.46529278906152965, 'sign_memory_exponent': 0.712990613432516, 'response_monotone_fraction': 0.16666666458333343, 'depth_shape_bid': 0.10714285580357147, 'depth_shape_ask': 0.10714285580357147}",[4.363621424061759],COMPLETE
59,2.873320857506747,14.438076336291608,1.6515411465193564,0.01631786382310699,0.48937058412528933,1.2990435777699658,0.3862528085948085,0.08346585273630171,0.02437974497092314,4.0,-0.8512511263812472,0.5490673625621593,0.8841107555234662,0.34007392207105613,0.00037389556871731327,0.39095332934995,0.019564166079465824,0.05671214755674132,0.6649376949579983,0.01543911183428745,0.5104816546830919,0.6710944508643959,5.85649791741036,0.12925133488799515,0.9078860382627307,0.0013453953019821742,2.8512948169621466,0.0,"{'arrival_clustering': 1.1696266016662562, 'trade_size_tail_p99_to_median': 0.1091244845011599, 'trade_size_tail_top_1pct_volume_share': 0.06522284122389801, 'spread_one_tick_share': 0.024590163682477854, 'ofi_slope': 0.4478077327416897, 'ofi_r2': 0.14620606116634888, 'sign_memory_exponent': 0.5893144051142021, 'response_monotone_fraction': 0.10714285580357147, 'depth_shape_bid': 0.10714285580357147, 'depth_shape_ask': 0.10714285580357147}",[2.873320857506747],COMPLETE
60,2.697512676575606,14.195680023309022,1.589033238228869,0.014116945155966048,0.6529814126176603,0.7875927523342594,0.27705543787205056,0.17856645892256037,0.42470157921728063,5.0,-0.2109856458176419,0.7293737825047074,0.8516387105121691,0.24196120812141303,0.0020358616463652386,0.41972288167350574,0.012881159606521947,0.14416182863693647,0.7494981851445813,0.03739918978912248,0.3974195506875291,0.6310564096671456,8.60217678716869,0.13733341869327367,0.92300447218072,0.0016259122337221785,2.9456173897412485,0.0,"{'arrival_clustering': 1.2771888870382346, 'trade_size_tail_p99_to_median': 0.4742035485775267, 'trade_size_tail_top_1pct_volume_share': 0.38739430220433435, 'spread_one_tick_share': 0.024590163682477854, 'ofi_slope': 0.03508437686853944, 'ofi_r2': 0.24309902045151657, 'response_monotone_fraction': 0.04166666614583332, 'depth_shape_bid': 0.10714285580357147, 'depth_shape_ask': 0.10714285580357147}",[2.697512676575606],COMPLETE
61,5.323520140606671,12.6789654480174,1.556656923956858,0.013424375636034856,0.7126380438820468,0.4714898717901954,0.3770151101148939,0.25774367300349904,0.2774490944710944,5.0,0.3368473322656832,0.7330470560762953,0.5707382152677287,0.21412913092517127,0.002498014603909865,0.4311131136596441,0.012773351411005834,0.19287749664495943,0.7890044918886457,0.04632348446312209,0.3778132337474335,0.5869391884297318,10.246233019834078,0.1568431091879536,0.9494625727075953,0.0015955962193934905,3.0033016282945484,0.0,"{'arrival_clustering': 1.2790493601504573, 'trade_size_tail_p99_to_median': 1.6439884562472151, 'trade_size_tail_top_1pct_volume_share': 0.4832840673274068, 'spread_one_tick_share': 0.024590163682477854, 'ofi_slope': 0.5842503372842375, 'ofi_r2': 0.11630851719935925, 'sign_memory_exponent': 0.8110968625250405, 'response_monotone_fraction': 0.16666666458333343, 'depth_shape_bid': 0.10714285580357147, 'depth_shape_ask': 0.10714285580357147}",[5.323520140606671],COMPLETE
62,4.176165834917277,12.469061238731273,1.544109259788495,0.013378747465324142,0.6684254096916755,0.6603369777809538,0.2228845086791385,0.19448397752726995,0.40740719282621396,5.0,-0.16214097568776464,0.7313025551539946,0.751345704241612,0.22474527779088624,0.0025635612117091556,0.40311530660467554,0.017030322737445473,0.1560880596586726,0.7604867992520423,0.03791141998784598,0.3797635377374204,0.6180618449715393,8.670435826502501,0.13792045403962302,0.9148389129214501,0.0017131104011244456,2.9531275703759046,0.0,"{'arrival_clustering': 0.9575742218966524, 'trade_size_tail_p99_to_median': 0.1929416428809531, 'trade_size_tail_top_1pct_volume_share': 0.5424644664417669, 'spread_one_tick_share': 0.024590163682477854, 'ofi_slope': 0.15920054210578746, 'ofi_r2': 0.49413233337605367, 'sign_memory_exponent': 1.5195481823907286, 'response_monotone_fraction': 0.07142857053571418, 'depth_shape_bid': 0.10714285580357147, 'depth_shape_ask': 0.10714285580357147}",[4.176165834917277],COMPLETE
63,4.152996260314233,12.920952126781566,1.594337354803856,0.014083875491979087,0.6162533974745881,0.8792609481183048,0.27699551001465567,0.17576323457040977,0.55288812166369,5.0,-0.022717037436207593,0.741064172801685,0.7881547599302959,0.2713283200526605,0.0060845215712025235,0.3972585931296096,0.010529455389000422,0.6268245839482867,0.7212030391554123,0.03643216754845231,0.37870106631235595,0.6262005092179296,8.410416504797244,0.1352288183278841,0.917961491156914,0.0015603892459667321,2.938377247168739,0.0,"{'arrival_clustering': 1.2697657227743762, 'trade_size_tail_p99_to_median': 0.5090491336754874, 'trade_size_tail_top_1pct_volume_share': 0.5702189509124478, 'spread_one_tick_share': 0.024590163682477854, 'ofi_slope': 0.20635365413186427, 'ofi_r2': 0.09658269942952052, 'sign_memory_exponent': 0.6788168980592496, 'response_monotone_fraction': 0.5833333260416668, 'depth_shape_bid': 0.10714285580357147, 'depth_shape_ask': 0.10714285580357147}",[4.152996260314233],COMPLETE
64,3.6464116495478014,14.041773799382838,1.5854901811201092,0.014108750068346164,0.6050634458721669,1.1542597514379704,0.26874107947162673,0.1757034512867654,0.7748256813377251,4.0,-0.4034999725688864,0.6780087940617195,0.7947073323592531,0.29990890899996353,0.0010887159051159092,0.38416400715802435,0.01383843779795646,0.1536047188081185,0.7161247223573763,0.01973393436587779,0.44456693367745337,0.4503235475519682,7.020418649435671,0.13809253448909195,0.9165312492641065,0.0015789413861819473,2.8570121747397046,0.0,"{'arrival_clustering': 0.9577080540180043, 'trade_size_tail_p99_to_median': 0.766105391010649, 'trade_size_tail_top_1pct_volume_share': 0.40266627526621085, 'spread_one_tick_share': 0.024590163682477854, 'ofi_slope': 0.09293155060712627, 'ofi_r2': 0.6047911773145236, 'response_monotone_fraction': 0.5833333260416668, 'depth_shape_bid': 0.10714285580357147, 'depth_shape_ask': 0.10714285580357147}",[3.6464116495478014],COMPLETE
