number,value,params_large_order_multiplier,params_large_order_pareto,params_large_order_probability,params_market_maker_asymmetric_liquidity,params_market_maker_flow_response,params_market_maker_flow_signal_decay,params_market_maker_inventory_signal_decay,params_market_maker_inventory_skew,params_market_maker_level_spacing_ticks,params_market_maker_queue_imbalance_response,params_market_maker_quote_size,params_market_maker_quote_size_sigma,params_market_maker_refresh_seconds,params_market_maker_spread_sensitivity,params_market_order_arrival_rate,params_order_flow_burst_interval_seconds,params_order_flow_burst_probability,params_order_flow_hawkes_branching,params_order_flow_hawkes_decay,params_order_flow_long_memory_exponent,params_order_flow_long_memory_probability,params_reference_price_volatility,params_sign_regime_switch_probability,params_trade_sign_persistence,params_trade_size_median,params_trade_size_sigma,user_attrs_loss_std,user_attrs_metric_distances,user_attrs_seed_losses,state
0,6.59411298839423,,,,,,,,,,,,,,,,,,,,,,,,,,,0.0,"{'arrival_clustering': 1.241588658318516, 'trade_size_tail_p99_to_median': 0.22330119313882557, 'trade_size_tail_top_1pct_volume_share': 0.023204342458217796, 'spread_one_tick_share': 0.017079006276411627, 'ofi_slope': 2.4964655451679407, 'ofi_r2': 0.1808069469039833, 'sign_memory_exponent': 1.197381597023192, 'response_monotone_fraction': 0.6428571348214287, 'depth_shape_bid': 0.10714285580357147, 'depth_shape_ask': 0.46428570848214296}",[6.59411298839423],COMPLETE
1,,186.59797581250956,1.3096804192305378,0.01735771773860885,0.6781859427265247,0.23014506749481858,3.2972893494324724,0.2378707032658764,0.7070133767516843,3.0,-1.7362546123763796,0.0988123371238192,0.6295023681629939,0.41058758023264674,0.0009023023780308715,0.2881541446869786,0.01588904645993247,0.06618449790772621,0.9200777002481874,0.005388438878628664,0.7564256244816588,0.5700387389518522,21.012571432242307,0.1566984267994904,0.8993813222152263,0.001183795999580618,2.751680695489907,,,,PRUNED
2,,38.9451673375556,1.8815844667356376,0.0227513284415714,0.5555266244820528,0.5507762127851117,0.25405440895770304,0.5214161223700918,0.05278507837690902,5.0,-0.8958038066772196,0.3242069080849436,0.7854246172489487,0.49449040228855085,0.08775201700865928,0.511706290336883,0.006698594032574037,0.5175606796308769,0.8938539614986032,0.003742232881577944,0.5774270018214864,0.738379665845257,6.376959811558256,0.040727363544669264,0.8925942675934679,0.0010752518792728882,2.5585770340775884,,,,PRUNED
3,3.9869271792159875,15.536192822283041,1.7198962329234988,0.015603106403849105,0.7084859944326034,8.306101219982402,3.882097618895201,0.5658391446455379,0.05136641924712411,4.0,-1.0595183709701428,0.6156064232343306,1.7287493168046815,0.11168117861154331,0.6286278478779036,0.5671899343169193,0.004144453913207415,0.13522191752614404,0.6277978364926502,0.22707765968962726,0.25099881639393073,0.5528667642607935,16.751520376485388,0.02383935187701281,0.8402684262365194,0.001670411786538231,2.786518395147796,0.0,"{'arrival_clustering': 1.149375719106821, 'trade_size_tail_p99_to_median': 0.3794705563562384, 'trade_size_tail_top_1pct_volume_share': 0.3336373062932264, 'spread_one_tick_share': 0.0370034747988201, 'ofi_slope': 0.8885201362287554, 'ofi_r2': 0.8774914190214119, 'response_monotone_fraction': 0.10714285580357147, 'depth_shape_bid': 0.10714285580357147, 'depth_shape_ask': 0.10714285580357147}",[3.9869271792159875],COMPLETE
4,,136.86328142619521,1.8840244244037236,0.01199797759388061,0.7136467491363664,0.062018354813888774,2.8204178466105416,1.3253873653051238,0.35727969427443323,4.0,1.7564454149287414,0.3699076256994576,0.937008473861243,0.63285143322067,0.0017306386956042446,0.4122130848362215,0.001969224107772385,0.5162074509788994,0.7452489553724873,0.0016593992681982657,0.5404312408012764,0.3708160223400248,14.962531140963192,0.07721809862540849,0.7890963479931491,0.0019060982963666152,3.1945860511738227,,,,PRUNED
5,5.25067926870173,230.77394505238172,1.5848042567291216,0.0243146380084198,0.8622938813837236,1.643286350389197,0.09202757580483528,0.08449602354566622,1.4693707025757112,4.0,-1.0782773023591221,0.09413278872736841,1.0663074113523514,0.5599738997201413,0.0010074586457026195,0.5499272187717232,0.05175487359646688,0.5584495983604558,0.3702045227017089,0.04917320427571119,0.7823605839861981,0.8494961540637884,3.068896666739809,0.011071491291849775,0.8874770951238408,0.0009328471030017831,2.694704327057221,0.0,"{'arrival_clustering': 1.2685969019509633, 'trade_size_tail_p99_to_median': 0.2572004193736386, 'trade_size_tail_top_1pct_volume_share': 0.5474818672549567, 'spread_one_tick_share': 0.024590163682477854, 'ofi_slope': 1.1384709716741577, 'ofi_r2': 0.4903489417285263, 'sign_memory_exponent': 1.0597042945548665, 'response_monotone_fraction': 0.24999999687499996, 'depth_shape_bid': 0.10714285580357147, 'depth_shape_ask': 0.10714285580357147}",[5.25067926870173],COMPLETE
6,2.3397898819711194,15.42131570489419,1.696146561376691,0.013957497804384373,0.5424249715680859,3.613308599411794,0.06144726057079913,0.0578289881063062,0.02393414802294536,5.0,-0.873864728606025,0.13101006580460156,1.2639503406476176,0.3136471302054519,0.00010883943768604244,0.33455053168269167,0.0011127067848110308,0.14716609716074974,0.664831902061179,0.16321864388455776,0.3882730226270098,0.9137031985454195,2.3486479213615685,0.07622946140539597,0.9216412139417761,0.0017038532143661713,3.26801773814596,0.0,"{'arrival_clustering': 1.0502846728512194, 'trade_size_tail_p99_to_median': 0.6710825725135795, 'trade_size_tail_top_1pct_volume_share': 0.09711687671123428, 'spread_one_tick_share': 0.024590163682477854, 'ofi_slope': 0.05171117979637471, 'ofi_r2': 0.15929013427337652, 'response_monotone_fraction': 0.07142857053571418, 'depth_shape_bid': 0.10714285580357147, 'depth_shape_ask': 0.10714285580357147}",[2.3397898819711194],COMPLETE
7,4.449942325186145,55.96111859289454,1.6682355697755824,0.016588394891900934,0.0456588999984347,0.21720037938460307,0.08714347234004732,0.055140817453195816,1.018453777752388,5.0,-0.9136191189617446,0.3068264534097226,1.4343077513018916,0.35525239975401945,1.1950183198604336,0.5451729271531676,0.005266971732953327,0.09637079671718474,0.6008597256065396,0.0037683963704581774,0.41912204165769484,0.9745671349960273,10.933744556278219,0.011586986040751864,0.9363521204811692,0.002132657745944874,3.3899194066550846,0.0,"{'arrival_clustering': 1.216912089897918, 'trade_size_tail_p99_to_median': 0.22471996833521327, 'trade_size_tail_top_1pct_volume_share': 0.32407996636526026, 'spread_one_tick_share': 0.9605693444175812, 'ofi_slope': 0.4081951094440225, 'ofi_r2': 0.6346768257153075, 'sign_memory_exponent': 0.0022176009215560226, 'response_monotone_fraction': 0.46428570848214296, 'depth_shape_bid': 0.10714285580357147, 'depth_shape_ask': 0.10714285580357147}",[4.449942325186145],COMPLETE
8,4.577752103337674,87.08268900358141,2.4384951342237198,0.010052238379357205,0.8934316695305612,6.636017668391618,0.2910665392459993,0.1549900272053754,0.1091303117368526,2.0,0.0072275644736938816,0.9062628017572758,0.37100279081062626,0.16222692518191859,0.08141479963517487,0.6185440297761453,0.030877870919047583,0.09008246461041461,0.9177655563034567,0.08259622838472194,0.4981577126319242,0.3905309998406944,13.361505235988503,0.0667564200147129,0.756846554442409,0.0006061397332841545,3.378063807713402,0.0,"{'arrival_clustering': 0.08263864686134235, 'trade_size_tail_p99_to_median': 0.424513162859868, 'trade_size_tail_top_1pct_volume_share': 0.7256624348512951, 'spread_one_tick_share': 0.0014470016116660729, 'ofi_slope': 0.8156225267463093, 'ofi_r2': 0.12347423352475878, 'sign_memory_exponent': 1.2496322065550534, 'response_monotone_fraction': 0.5833333260416668, 'depth_shape_bid': 0.10714285580357147, 'depth_shape_ask': 0.46428570848214296}",[4.577752103337674],COMPLETE
9,3.9348474331305225,125.30576445310938,1.3340748950976962,0.00877663300899572,0.6934139131960915,1.1762426120008553,0.07634484341083347,0.17620831505928597,0.027080863350967987,4.0,-1.0144254228571166,1.4508507965272766,1.509991988197278,0.4867747156552143,1.0227147056881611,0.5782251432693011,0.023431930693089593,0.11806234732260844,0.8401363966054689,0.09988696020280997,0.9187684162746153,0.9606371648368816,6.151048235356105,0.07369382991934618,0.753793972609515,0.0013229061115107963,2.0594428608003414,0.0,"{'arrival_clustering': 0.341458903575439, 'trade_size_tail_p99_to_median': 0.743352619144716, 'trade_size_tail_top_1pct_volume_share': 0.11936613479954378, 'spread_one_tick_share': 0.9235504405925696, 'ofi_slope': 0.8828569113685343, 'ofi_r2': 0.6519409984823095, 'response_monotone_fraction': 0.09374999882812494, 'depth_shape_bid': 0.10714285580357147, 'depth_shape_ask': 0.07142857053571418}",[3.9348474331305225],COMPLETE
10,7.350696766978441,68.60145163589009,1.7072168448890226,0.027036069434774032,0.0858803397002515,0.8863019906124082,0.4113085653621476,0.17826919607465905,0.30693759837046247,5.0,1.0162127879326994,0.2750087384936663,1.6277399316083714,0.122947512172746,1.0201538239599381,0.6636381644897986,0.0011763774004594843,0.26314221454283965,0.8021111112217505,0.06083304947750771,0.6092703798906173,0.4612421524522584,8.172544234399876,0.10432771045969705,0.8535622352407337,0.0006735062723699955,3.270359840689961,0.0,"{'arrival_clustering': 2.0764260323820105, 'trade_size_tail_p99_to_median': 0.8416743611853673, 'trade_size_tail_top_1pct_volume_share': 0.29701042242008296, 'spread_one_tick_share': 0.33520240402706775, 'ofi_slope': 0.8728359761631612, 'ofi_r2': 0.9536137220855119, 'sign_memory_exponent': 1.6525052813045245, 'response_monotone_fraction': 0.10714285580357147, 'depth_shape_bid': 0.10714285580357147, 'depth_shape_ask': 0.10714285580357147}",[7.350696766978441],COMPLETE
11,4.49153664237268,200.17912670245562,1.7485398116952877,0.0032087581967306014,1.3493636682919872,0.4280583772735188,0.1044809053553571,0.13639910046575798,0.013708389117136361,4.0,1.873652804867398,0.2088022697804389,1.6223817550145747,0.19822633359460493,0.0021589443713390393,0.7426098276897732,0.0018609266817535576,0.5556090432687328,0.9268362280627541,0.04830373268376702,0.7628353366164566,0.28839927208251565,3.0338535087802825,0.06563123489342264,0.7466142316401402,0.0008286365389284178,3.3147982347343583,0.0,"{'arrival_clustering': 0.5812155706227412, 'trade_size_tail_p99_to_median': 0.7440578967382177, 'trade_size_tail_top_1pct_volume_share': 0.41502197697986815, 'spread_one_tick_share': 0.024590163682477854, 'ofi_slope': 0.71096209379889, 'ofi_r2': 0.07007818209756954, 'sign_memory_exponent': 0.9396583900749398, 'response_monotone_fraction': 0.7916666567708335, 'depth_shape_bid': 0.10714285580357147, 'depth_shape_ask': 0.10714285580357147}",[4.49153664237268],COMPLETE
12,5.767802001268309,36.076308337473854,2.67723350236642,0.019062825949249476,1.4988124520959873,7.205205427655283,0.43490599450461537,0.1204745438258306,0.018748683384729792,1.0,1.0522882911243352,0.09182010940162699,1.7174852736939499,0.28779769305040925,0.00010598873573904399,0.6157106394500533,0.011970530605546535,0.3031411376198488,0.8850400625325314,0.4114141107016467,0.324241452614391,0.31758471629581875,2.2564873906828242,0.032383742603663015,0.8404528434039421,0.0005535028673819392,2.079133689686755,0.0,"{'arrival_clustering': 1.6036299210869622, 'trade_size_tail_p99_to_median': 0.8630902946875274, 'trade_size_tail_top_1pct_volume_share': 0.2656850437806666, 'spread_one_tick_share': 0.024590163682477854, 'ofi_slope': 0.6860965360902344, 'ofi_r2': 0.7617633194602025, 'sign_memory_exponent': 0.5272324497123805, 'response_monotone_fraction': 0.28571428214285727, 'depth_shape_bid': 0.46428570848214296, 'depth_shape_ask': 0.28571428214285727}",[5.767802001268309],COMPLETE
13,4.119713765156851,10.287281616226226,2.364517088326015,0.025154418794191703,0.4740706657617426,0.08654887040873835,0.13272427221746813,0.11145161673666996,0.6087074485299664,4.0,-0.09349082642789108,0.9190494952616021,0.5805388379246761,0.21773897819409205,1.5377667459940445,0.684529193152835,0.0011969232494597384,0.3907970068656538,0.825789009400314,0.0014622439746531286,0.3184511407845421,0.7738745978517445,19.07855212102813,0.05478691422015985,0.9205381286895766,0.0010648086231945697,2.757580050802012,0.0,"{'arrival_clustering': 1.2219435212102094, 'trade_size_tail_p99_to_median': 0.31678618809980585, 'trade_size_tail_top_1pct_volume_share': 0.10641934954816068, 'spread_one_tick_share': 0.5609430335826193, 'ofi_slope': 1.5530711019754617, 'ofi_r2': 0.1462648591334506, 'response_monotone_fraction': 0.0, 'depth_shape_bid': 0.10714285580357147, 'depth_shape_ask': 0.10714285580357147}",[4.119713765156851],COMPLETE
14,,134.71434359491906,2.4128572424726,0.022553138971876212,0.16227574715046145,0.7557115040384799,1.9257491509214617,1.0374135470118306,0.04491111034982918,1.0,-1.8869184285700027,0.9351430576341054,1.6622719019560825,0.3113884184067011,0.19476289730106625,0.33285696237305873,0.04126437413209721,0.20459647457609764,0.6482772991174675,0.003241882774829326,0.5903634311915973,0.9455085182006042,16.394204236924757,0.10861395777427865,0.7988613047689984,0.001779297548969892,2.164891964805818,,,,PRUNED
15,4.476280800452871,16.849896392899485,1.1015084094228853,0.007181664007204429,1.1282157141397555,2.7460865732719584,0.05456309440596474,0.05001333602236039,0.010196835753670553,3.0,-0.19581396985375724,1.4572255000197756,1.1953292849891517,0.7754150187406459,0.00011635694526357788,0.39264776420411845,0.08514639653935621,0.24081720052920905,0.47662858284329834,1.298550950475661,0.8893627561459152,0.9738089606136937,4.746728408402049,0.09663140865891709,0.7300628546012793,0.0027589714572503043,2.0277021016079457,0.0,"{'arrival_clustering': 1.1605190411950186, 'trade_size_tail_p99_to_median': 0.9213191307389372, 'trade_size_tail_top_1pct_volume_share': 0.4238411681477158, 'spread_one_tick_share': 0.024590163682477854, 'ofi_slope': 0.820292467363106, 'ofi_r2': 0.4471474092363297, 'response_monotone_fraction': 0.46428570848214296, 'depth_shape_bid': 0.10714285580357147, 'depth_shape_ask': 0.10714285580357147}",[4.476280800452871],COMPLETE
16,,24.56655462118962,1.081492620056287,0.009464623916612964,0.38523019836409084,1.6745863831543808,0.05338968595908582,0.3402071846989756,0.028822201483889007,5.0,-0.47352617437590094,1.4663087922586444,1.2362768537911935,0.39710760821869734,0.013068787628678687,0.2563036143536625,0.0010069453033567939,0.22284527024457385,0.7116440568015101,0.25059185725162647,0.9028962605116552,0.7700396802378726,2.011971584718592,0.13395105612378197,0.9469017687298676,0.001492979230000866,2.3430509442305634,,,,PRUNED
17,4.693692253799414,22.788081161566627,2.973989354036073,0.004243642718296045,0.9655530417317666,2.1184219935289255,0.05071678306221282,0.05400989152368047,0.12712581531990866,3.0,-1.7673036943879212,0.18285461240648815,1.2669010601805437,0.26107845321173606,0.00013805026008817292,0.4293357010795895,0.018938600693634237,0.6968560584859101,0.5369961721922406,0.023689168100302815,0.9426633803944608,0.8587796415780029,5.613488267133449,0.08363720596206704,0.7884074292983945,0.002974766287803289,3.0128898984124053,0.0,"{'arrival_clustering': 1.2744484124999644, 'trade_size_tail_p99_to_median': 0.7712776646356587, 'trade_size_tail_top_1pct_volume_share': 0.44176295841498786, 'spread_one_tick_share': 0.024590163682477854, 'ofi_slope': 0.7151080248846976, 'ofi_r2': 0.41869778707627947, 'sign_memory_exponent': 0.762092960462491, 'response_monotone_fraction': 0.07142857053571418, 'depth_shape_bid': 0.10714285580357147, 'depth_shape_ask': 0.10714285580357147}",[4.693692253799414],COMPLETE
18,6.094765898510199,83.45304705840122,1.3525334902416533,0.01132793735473617,0.4719301250287467,2.8665804789366796,0.18881072415641756,2.574797677997889,0.02863698724715014,5.0,0.3092009306982213,0.15466056876460763,1.335088127519275,0.49318019339315405,0.01881127709442952,0.44781211283049405,0.0039972671062165925,0.052880694326840186,0.7249710874343058,0.30211316610716465,0.9408031020603844,0.9659173201854886,3.949171464274062,0.08495441917143949,0.7286091734583471,0.0013407319761346193,2.36157969003559,0.0,"{'arrival_clustering': 1.1119756993673167, 'trade_size_tail_p99_to_median': 0.7397986668236605, 'trade_size_tail_top_1pct_volume_share': 0.33159745441032146, 'spread_one_tick_share': 0.024590163682477854, 'ofi_slope': 0.735204844812205, 'ofi_r2': 0.9457616548203469, 'sign_memory_exponent': 1.1701231418260138, 'response_monotone_fraction': 0.8214285611607145, 'depth_shape_bid': 0.10714285580357147, 'depth_shape_ask': 0.10714285580357147}",[6.094765898510199],COMPLETE
19,,10.67658028021812,2.146685431533414,0.012874999598871908,0.42940413603777466,1.397797520933254,0.9296202462291587,0.31411085656193266,0.010003509562422278,3.0,-0.821667794903168,0.5908777759256025,1.0134416404538302,0.3143900585498512,2.765450714416316,0.3491812939460719,0.013774677345599116,0.3143643197936138,0.7338482513782062,1.3130688043355656,0.4204173975592617,0.6926014935146507,4.334311363979014,0.1221226344769355,0.8056411347998985,0.001561946975121972,2.036738711302094,,,,PRUNED
20,6.002682999642261,29.47376760892767,1.3565305499851017,0.002331131652208841,1.0894873136528291,3.356410005674351,0.16548500368415753,0.10482222774117858,0.09199738855582461,5.0,-1.0959284619437406,1.4230530815074829,1.3821870708091784,0.6450667881911897,0.00039892641929997915,0.4645427551297717,0.0029806527280644406,0.19054419803154504,0.5755036753059916,0.021556609877353156,0.7399853510497747,0.8290666376348949,6.984318224837001,0.0603806064075422,0.9410586220443455,0.001984972792116365,3.0560552474786413,0.0,"{'arrival_clustering': 1.2727971294350926, 'trade_size_tail_p99_to_median': 1.0448399549610377, 'trade_size_tail_top_1pct_volume_share': 0.1307141318435894, 'spread_one_tick_share': 0.024590163682477854, 'ofi_slope': 1.0047776162583766, 'ofi_r2': 0.996017811305539, 'sign_memory_exponent': 1.028946198406147, 'response_monotone_fraction': 0.28571428214285727, 'depth_shape_bid': 0.10714285580357147, 'depth_shape_ask': 0.10714285580357147}",[6.002682999642261],COMPLETE
21,4.717892879244305,16.11557670306537,1.6171642460250581,0.014858019711275249,0.7151374606036194,9.679031195136778,4.625005142156508,0.6098584389875458,0.04020059787565685,4.0,-1.0136067090510887,0.5870035979786874,1.7876510899209779,0.10815833419166014,0.26777355554227883,0.5666019016159276,0.004386990493545256,0.15138198567040934,0.6353597232606655,0.20590173104970558,0.2897425600820672,0.6047931791048717,10.41134702397633,0.04846413726145085,0.8506459351290813,0.0015220285832717368,2.8487240961017126,0.0,"{'arrival_clustering': 1.2678767191933873, 'trade_size_tail_p99_to_median': 0.18955835672386462, 'trade_size_tail_top_1pct_volume_share': 0.19532431404544923, 'spread_one_tick_share': 0.00556839262913122, 'ofi_slope': 0.9449826425832237, 'ofi_r2': 0.8612105078904778, 'sign_memory_exponent': 0.5748005260894855, 'response_monotone_fraction': 0.46428570848214296, 'depth_shape_bid': 0.10714285580357147, 'depth_shape_ask': 0.10714285580357147}",[4.717892879244305],COMPLETE
22,5.3711799016331465,16.34300317758798,1.8471505756251447,0.015501317726498393,0.7068440476505455,9.853435862833784,4.586319666835058,0.5760885858511884,0.04686639866417422,4.0,-1.1935829468215662,0.8391166644110027,1.7880539460157325,0.103252383503583,0.3144569106709002,0.5361757586868644,0.003109033250308823,0.15693016972407295,0.6115699325470693,0.17897580243230357,0.2702188113665222,0.5662832624308812,2.0518095389710664,0.03181420281459579,0.8428029339035628,0.0015279361623915628,2.3987276543289675,0.0,"{'arrival_clustering': 1.1699205002492719, 'trade_size_tail_p99_to_median': 0.6139594691108022, 'trade_size_tail_top_1pct_volume_share': 0.48965484543427795, 'spread_one_tick_share': 0.01207366318454312, 'ofi_slope': 0.9691903666385131, 'ofi_r2': 0.6071805439241381, 'sign_memory_exponent': 1.0092005193415998, 'response_monotone_fraction': 0.28571428214285727, 'depth_shape_bid': 0.10714285580357147, 'depth_shape_ask': 0.10714285580357147}",[5.3711799016331465],COMPLETE
