number,value,params_large_order_multiplier,params_large_order_pareto,params_large_order_probability,params_market_maker_asymmetric_liquidity,params_market_maker_flow_response,params_market_maker_flow_signal_decay,params_market_maker_inventory_signal_decay,params_market_maker_inventory_skew,params_market_maker_level_spacing_ticks,params_market_maker_queue_imbalance_response,params_market_maker_quote_size,params_market_maker_quote_size_sigma,params_market_maker_refresh_seconds,params_market_maker_spread_sensitivity,params_market_order_arrival_rate,params_order_flow_burst_interval_seconds,params_order_flow_burst_probability,params_order_flow_hawkes_branching,params_order_flow_hawkes_decay,params_order_flow_long_memory_exponent,params_order_flow_long_memory_probability,params_reference_price_volatility,params_sign_regime_switch_probability,params_trade_sign_persistence,params_trade_size_median,params_trade_size_sigma,user_attrs_loss_std,user_attrs_metric_distances,user_attrs_seed_losses,state
65,5.119790508808308,13.022419746903623,1.5909935234564172,0.015334398960926606,0.5555059630674369,0.9289016833977096,0.3359154846615146,0.09217254288316679,0.17972974661855737,5.0,-0.5675754147502409,0.603377318804525,0.8995701439609919,0.3711566338998679,0.0007739320549665652,0.4572408192535913,0.015918452794934927,0.15463549407252852,0.8614625012440494,0.05381250438960516,0.4410270164779544,0.6347154223696456,13.201898526198669,0.13190414299918035,0.9218238122153193,0.0013756922065947506,3.145780092164477,0.0,"{'arrival_clustering': 0.8455076749966404, 'trade_size_tail_p99_to_median': 0.48931070827718054, 'trade_size_tail_top_1pct_volume_share': 0.5904760719466666, 'spread_one_tick_share': 0.024590163682477854, 'ofi_slope': 1.370636355643138, 'ofi_r2': 0.4443830162950632, 'sign_memory_exponent': 0.8906008094849988, 'response_monotone_fraction': 0.24999999687499996, 'depth_shape_bid': 0.10714285580357147, 'depth_shape_ask': 0.10714285580357147}",[5.119790508808308],COMPLETE
66,3.999344136028114,15.687207504641815,1.604053918895061,0.015321279542834148,0.824192036648545,0.9957608686494762,0.3948309084578786,1.9107305187456611,0.0478067706571494,4.0,-1.5740981753823649,0.532350372479349,0.8745971568045199,0.18234208927253823,0.0005715710485506834,0.34878396230930486,0.017391281791418207,0.050628927702064355,0.7098101125412007,0.18519320586903842,0.4829741507545648,0.6627451034394732,6.112053548107608,0.15965132428315693,0.9490176369760887,0.001581241148515923,3.4206578232668563,0.0,"{'arrival_clustering': 1.2298949148465972, 'trade_size_tail_p99_to_median': 0.23797122539938265, 'trade_size_tail_top_1pct_volume_share': 0.8393450036544786, 'spread_one_tick_share': 0.024590163682477854, 'ofi_slope': 0.012488806433054889, 'ofi_r2': 0.15714344725840512, 'sign_memory_exponent': 1.0336248662715746, 'response_monotone_fraction': 0.24999999687499996, 'depth_shape_bid': 0.10714285580357147, 'depth_shape_ask': 0.10714285580357147}",[3.999344136028114],COMPLETE
67,6.355105522802339,10.60020583424879,1.9349683232444665,0.01092435954529129,0.4943496480339449,1.4305408525688326,0.1603170837410212,0.15666620137674445,0.4256694799227002,4.0,-0.8342279923953506,0.1348134260049646,0.8734256123613274,0.25941252182615254,0.0005198538845183605,0.35999427365433767,0.001007523478501507,0.24296636930464033,0.694316565893543,0.01469951251654462,0.3587451901326662,0.5259902488425122,7.148003191931014,0.13134256464686045,0.9044138937886498,0.0014023854275307085,2.86476597217219,0.0,"{'arrival_clustering': 0.9701047982222695, 'trade_size_tail_p99_to_median': 0.48074259068138586, 'trade_size_tail_top_1pct_volume_share': 0.7807746535004573, 'spread_one_tick_share': 0.024590163682477854, 'ofi_slope': 3.352108565009765, 'ofi_r2': 0.36583237551550757, 'response_monotone_fraction': 0.16666666458333343, 'depth_shape_bid': 0.10714285580357147, 'depth_shape_ask': 0.10714285580357147}",[6.355105522802339],COMPLETE
68,4.1021347881173975,15.43264327933946,2.8317766847429002,0.01663237932330227,0.451385221223429,0.21733926775042592,0.09231889547258286,0.08167729434245562,0.05037601124277126,5.0,-0.12126103408352296,0.7844984464893455,1.2061657285271976,0.4134353150488467,0.02424380220098056,0.41844662835002316,0.009246605565589556,0.137860616459271,0.7846686667707272,0.05180842053016665,0.4953912468600525,0.6676913231380586,5.9058962281044005,0.12855291467973629,0.9044501112304666,0.002021384253873351,2.8696533608044734,0.0,"{'arrival_clustering': 0.952034651892972, 'trade_size_tail_p99_to_median': 0.18153461058697645, 'trade_size_tail_top_1pct_volume_share': 0.7143199356468132, 'spread_one_tick_share': 0.006949148643969272, 'ofi_slope': 0.6167660853683177, 'ofi_r2': 0.4278172476677016, 'sign_memory_exponent': 0.9467607305576708, 'response_monotone_fraction': 0.04166666614583332, 'depth_shape_bid': 0.10714285580357147, 'depth_shape_ask': 0.10714285580357147}",[4.1021347881173975],COMPLETE
69,7.4344458160834845,76.44116784040058,1.461660263995074,0.02065777418036124,0.5422130810019281,1.4568088037437281,0.4977735168241027,0.050283843372650044,0.031755236493439115,4.0,0.7476357821484583,0.5007987725711295,0.4767890569226457,0.3240942266363814,0.000500152136827798,0.285176374929944,0.02128657891499085,0.0500747574027576,0.6593439967085987,0.011408417827537314,0.4840043821126843,0.6785559769831363,9.56759745902163,0.056737191806037535,0.9120653793708956,0.0013286897513690326,3.106897389360387,0.0,"{'arrival_clustering': 1.0054596465084484, 'trade_size_tail_p99_to_median': 0.058911323384896686, 'trade_size_tail_top_1pct_volume_share': 0.7629158179880048, 'spread_one_tick_share': 0.024590163682477854, 'ofi_slope': 2.563730509486666, 'ofi_r2': 0.17247632827034878, 'sign_memory_exponent': 2.048742989113833, 'response_monotone_fraction': 0.5833333260416668, 'depth_shape_bid': 0.10714285580357147, 'depth_shape_ask': 0.10714285580357147}",[7.4344458160834845],COMPLETE
70,2.0219264030948674,16.926702406763592,1.598352856983685,0.012372266703153265,0.5166004526477519,0.5331170849255149,0.056873395754866905,0.17128745174782625,0.027933463709867257,5.0,-1.337177234352119,0.5133668302839244,0.9191568695261201,0.5495321190188693,0.0028441017843176706,0.37594506600884037,0.0056551248180446555,0.15222224549256935,0.6580818299575121,0.583509649202476,0.3501279078393106,0.6776069427107617,5.91738348118815,0.13052117974927507,0.8904542289414545,0.001297148887354104,2.861250730724931,0.0,"{'arrival_clustering': 0.2673085033816047, 'trade_size_tail_p99_to_median': 0.23377454050325988, 'trade_size_tail_top_1pct_volume_share': 0.15313489406979253, 'spread_one_tick_share': 0.024590163682477854, 'ofi_slope': 0.38910103037333277, 'ofi_r2': 0.09687442465582788, 'response_monotone_fraction': 0.6428571348214287, 'depth_shape_bid': 0.10714285580357147, 'depth_shape_ask': 0.10714285580357147}",[2.0219264030948674],COMPLETE
71,2.4496122496274038,16.80797982382802,1.518832519578579,0.009935589825502765,0.5691517589902225,0.41444187554509093,0.05900170664008188,0.21362240847809885,0.03151139073597512,5.0,-1.5751550833120531,0.5463830309015162,0.869601520745478,0.5362828904247943,0.006654660490877107,0.37945057205574595,0.004547759361397601,0.26185016185069676,0.6745611472152594,0.6307359951459299,0.3412683557306421,0.26268224590477035,6.464384592513179,0.1307945276547678,0.8825306772195547,0.0013706416537876212,2.864394818360892,0.0,"{'arrival_clustering': 0.15616695800177693, 'trade_size_tail_p99_to_median': 0.43207985314862996, 'trade_size_tail_top_1pct_volume_share': 0.42893023997215923, 'spread_one_tick_share': 0.024590163682477854, 'ofi_slope': 0.5358558491624399, 'ofi_r2': 0.4910368094694436, 'response_monotone_fraction': 0.16666666458333343, 'depth_shape_bid': 0.10714285580357147, 'depth_shape_ask': 0.10714285580357147}",[2.4496122496274038],COMPLETE
72,2.5925571648969896,17.35113499541344,1.293789417599013,0.007781008463570427,0.7609144863054103,0.3362964443193612,0.050909753918078345,0.3127215223626423,0.05507710110851423,5.0,-1.8102788430520955,0.6752740696675076,0.7672911734510632,0.6962219838370033,0.012986448727532027,0.3753739791867001,0.005201131214661605,0.33339119412863255,0.7178482025129076,0.7314330559599569,0.32060432472528627,0.2951151900935661,7.002897364460826,0.14081902662846038,0.8819467067582137,0.001535976342530284,2.918946129462494,0.0,"{'arrival_clustering': 0.8147665867445945, 'trade_size_tail_p99_to_median': 0.08193758792018062, 'trade_size_tail_top_1pct_volume_share': 0.7693475083173668, 'spread_one_tick_share': 0.016269826009559056, 'ofi_slope': 0.3144699944015524, 'ofi_r2': 0.3398132837507602, 'response_monotone_fraction': 0.04166666614583332, 'depth_shape_bid': 0.10714285580357147, 'depth_shape_ask': 0.10714285580357147}",[2.5925571648969896],COMPLETE
73,5.977733806133586,16.409640808740946,1.0980986335383256,0.00829346911403128,0.956314736138401,0.24905206930747756,0.0535874175609783,0.30515168590155156,0.10463817497451032,5.0,-1.8792526117119424,0.917964025245195,0.6277653895003505,0.7691609324509068,0.020734188561972153,0.43383142078895714,0.004345042869374907,0.33036141549076337,0.7719643849100857,1.1233171872368504,0.3096200811864405,0.2730083198045468,7.995545040266786,0.15191478981821324,0.8622915002206898,0.0018786625225494181,3.00210910127813,0.0,"{'arrival_clustering': 1.004979868347861, 'trade_size_tail_p99_to_median': 0.6558618481791042, 'trade_size_tail_top_1pct_volume_share': 0.6129496410832758, 'spread_one_tick_share': 0.024590163682477854, 'ofi_slope': 1.1419426862054693, 'ofi_r2': 0.00020686062177382758, 'sign_memory_exponent': 1.9479170310939808, 'response_monotone_fraction': 0.37499999531250006, 'depth_shape_bid': 0.10714285580357147, 'depth_shape_ask': 0.10714285580357147}",[5.977733806133586],COMPLETE
74,2.8873522584899027,16.71307646988495,1.235877395419714,0.006584003547657707,0.8415363780501435,0.39728707422876886,0.05741480569989531,0.4493199842507513,0.06902953584520967,5.0,-1.7973278511125221,0.7698330336674164,0.7394957972030198,0.6797297219706903,0.012490418805050866,0.396843818105741,0.005635628065206374,0.2945290428925459,0.7156410619812291,0.6957662984070245,0.29537043660741136,0.2518745107037105,7.830005931797849,0.142483500947074,0.879235224537618,0.0016997478485936213,3.0048524251675572,0.0,"{'arrival_clustering': 1.2334684024448284, 'trade_size_tail_p99_to_median': 0.20483114377817155, 'trade_size_tail_top_1pct_volume_share': 0.4979794430589559, 'spread_one_tick_share': 0.024590163682477854, 'ofi_slope': 0.19332026970083016, 'ofi_r2': 0.26887712734249614, 'response_monotone_fraction': 0.24999999687499996, 'depth_shape_bid': 0.10714285580357147, 'depth_shape_ask': 0.10714285580357147}",[2.8873522584899027],COMPLETE
75,1.7523627315008494,16.68490238289328,1.4076108621316086,0.007807904648827595,0.7482020403626902,0.3342889792664954,0.054643858972321185,0.3115609592701257,0.05101266886813833,5.0,-1.9412686081498371,0.7069681846639476,0.7818142923020379,0.5891150077473812,0.014258766249363203,0.40948410035024235,0.005039364788370464,0.3822164894679245,0.733213798958841,0.5260040741741201,0.3331494458803423,0.3239295828988996,6.963599204133804,0.13845945011215932,0.8776983157666562,0.0015941267529866884,2.90231078857174,0.0,"{'arrival_clustering': 0.6441916033824051, 'trade_size_tail_p99_to_median': 0.2196446945074995, 'trade_size_tail_top_1pct_volume_share': 0.3987884107129779, 'spread_one_tick_share': 0.01453530447309049, 'ofi_slope': 0.1175271386720106, 'ofi_r2': 0.07196129761000884, 'response_monotone_fraction': 0.07142857053571418, 'depth_shape_bid': 0.10714285580357147, 'depth_shape_ask': 0.10714285580357147}",[1.7523627315008494],COMPLETE
76,2.710204825225054,18.194951018125007,1.2483726086042775,0.00629721635000432,0.8025469350913615,0.226149721105419,0.05578299443435439,0.38890233278662184,0.06325928501669963,5.0,-1.782043498339801,0.9660024194379035,0.6239271045455258,0.621457298155896,0.022336646472778967,0.4691839379003222,0.005215042448323142,0.37657487501114895,0.8065630042089909,0.52405170610351,0.3149863054944756,0.36118340525858594,9.25956052115079,0.15472866937014162,0.843127852030779,0.0021044470142846682,3.0623370467998026,0.0,"{'arrival_clustering': 0.5481043018515896, 'trade_size_tail_p99_to_median': 0.03883885513213852, 'trade_size_tail_top_1pct_volume_share': 0.5213381704829418, 'spread_one_tick_share': 0.02526049595677582, 'ofi_slope': 0.3530759313865891, 'ofi_r2': 0.6343013634953764, 'response_monotone_fraction': 0.37499999531250006, 'depth_shape_bid': 0.10714285580357147, 'depth_shape_ask': 0.10714285580357147}",[2.710204825225054],COMPLETE
77,2.8988072570523022,19.338707606604167,1.3177921147214746,0.008267500179683009,0.8016620191918936,0.334415815397015,0.05106929184676441,0.3017690634053552,0.058820585455148164,5.0,-1.970446547279973,0.7595289571315575,0.7192534754876475,0.5994559395132195,0.009149392118993464,0.39838071370964545,0.0033547941114324465,0.4208335896891645,0.7575284686905528,0.653226041147543,0.32828386016816086,0.35478545012811485,7.215063561997719,0.13895568626867522,0.8700191694141545,0.00177043691981708,2.928203103388332,0.0,"{'arrival_clustering': 0.5989763345493209, 'trade_size_tail_p99_to_median': 0.5457192235291785, 'trade_size_tail_top_1pct_volume_share': 0.4159348108874739, 'spread_one_tick_share': 0.01844876416137947, 'ofi_slope': 0.3250783485731763, 'ofi_r2': 0.4946497816017732, 'response_monotone_fraction': 0.28571428214285727, 'depth_shape_bid': 0.10714285580357147, 'depth_shape_ask': 0.10714285580357147}",[2.8988072570523022],COMPLETE
78,3.0619288175398176,247.85768036651103,1.2707488063393606,0.006833930793870086,0.7209760373357895,0.1291025519301131,0.08434512887971668,0.2869455052516261,0.07210282848286238,5.0,-1.9003072440874296,0.8472812010041632,0.8047470754310251,0.5873359913970689,0.04695582689093415,0.36903434398472407,0.005402179065600272,0.31515687565606804,0.7652840825615924,0.49313835867409017,0.32921182352825284,0.27447877063568504,7.453952110645615,0.13954029402973303,0.8783718608513632,0.0017198019751440477,3.253678582992359,0.0,"{'arrival_clustering': 1.2754330705215469, 'trade_size_tail_p99_to_median': 0.48994717286732625, 'trade_size_tail_top_1pct_volume_share': 0.010400448609735565, 'spread_one_tick_share': 0.004539475748298279, 'ofi_slope': 0.39885471167518693, 'ofi_r2': 0.08513490046891399, 'response_monotone_fraction': 0.5833333260416668, 'depth_shape_bid': 0.10714285580357147, 'depth_shape_ask': 0.10714285580357147}",[3.0619288175398176],COMPLETE
79,4.627016276626666,18.51359527566806,1.3367775969445526,0.008750852328087028,0.8378640434444193,0.39920241602854817,0.0529887498260286,0.25758030202767046,0.05490933856979108,5.0,-1.9441564889629954,0.619758862145152,0.8325281569517631,0.7422044889155743,0.01059272708133961,0.4662391922383746,0.005453020332477194,0.29636697457038386,0.723803383149875,1.2594660869523795,0.3312684381151941,0.3763246289007141,2.0531913563139654,0.07557786506305857,0.8769702642488992,0.001491302825590406,2.8866976600530756,0.0,"{'arrival_clustering': 1.2747532884270483, 'trade_size_tail_p99_to_median': 0.6098585651447281, 'trade_size_tail_top_1pct_volume_share': 0.47956717740787846, 'spread_one_tick_share': 0.024590163682477854, 'ofi_slope': 0.34283543184102816, 'ofi_r2': 0.33630842675682227, 'sign_memory_exponent': 1.303150845613706, 'response_monotone_fraction': 0.04166666614583332, 'depth_shape_bid': 0.10714285580357147, 'depth_shape_ask': 0.10714285580357147}",[4.627016276626666],COMPLETE
